#
# There is insufficient memory for the Java Runtime Environment to continue.
# Native memory allocation (malloc) failed to allocate 1194176 bytes. Error detail: Chunk::new
# Possible reasons:
#   The system is out of physical RAM or swap space
#   This process is running with CompressedOops enabled, and the Java Heap may be blocking the growth of the native heap
# Possible solutions:
#   Reduce memory load on the system
#   Increase physical memory or swap space
#   Check if swap backing store is full
#   Decrease Java heap size (-Xmx/-Xms)
#   Decrease number of Java threads
#   Decrease Java thread stack sizes (-Xss)
#   Set larger code cache with -XX:ReservedCodeCacheSize=
#   JVM is running with Unscaled Compressed Oops mode in which the Java heap is
#     placed in the first 4GB address space. The Java Heap base address is the
#     maximum limit for the native heap growth. Please use -XX:HeapBaseMinAddress
#     to set the Java Heap base and to place the Java Heap above 4GB virtual address.
# This output file may be truncated or incomplete.
#
#  Out of Memory Error (arena.cpp:191), pid=4796, tid=8
#
# JRE version: OpenJDK Runtime Environment Temurin-17.0.17+10 (17.0.17+10) (build 17.0.17+10)
# Java VM: OpenJDK 64-Bit Server VM Temurin-17.0.17+10 (17.0.17+10, mixed mode, sharing, tiered, compressed oops, compressed class ptrs, g1 gc, windows-amd64)
# No core dump will be written. Minidumps are not enabled by default on client versions of Windows
#

---------------  S U M M A R Y ------------

Command Line: --add-opens=java.base/java.lang=ALL-UNNAMED --add-opens=java.base/java.lang.invoke=ALL-UNNAMED --add-opens=java.base/java.util=ALL-UNNAMED --add-opens=java.prefs/java.util.prefs=ALL-UNNAMED --add-exports=jdk.compiler/com.sun.tools.javac.api=ALL-UNNAMED --add-exports=jdk.compiler/com.sun.tools.javac.util=ALL-UNNAMED --add-opens=java.base/java.util=ALL-UNNAMED --add-opens=java.prefs/java.util.prefs=ALL-UNNAMED --add-opens=java.base/java.nio.charset=ALL-UNNAMED --add-opens=java.base/java.net=ALL-UNNAMED --add-opens=java.base/java.util.concurrent.atomic=ALL-UNNAMED --add-opens=java.xml/javax.xml.namespace=ALL-UNNAMED -Xmx2048m -Dfile.encoding=UTF-8 -Duser.country=RU -Duser.language=ru -Duser.variant -javaagent:C:\Users\User\.gradle\wrapper\dists\gradle-8.11.1-bin\bpt9gzteqjrbo1mjrsomdt32c\gradle-8.11.1\lib\agents\gradle-instrumentation-agent-8.11.1.jar org.gradle.launcher.daemon.bootstrap.GradleDaemon 8.11.1

Host: AMD Ryzen 5 5500U with Radeon Graphics         , 12 cores, 15G,  Windows 10 , 64 bit Build 19041 (10.0.19041.5915)
Time: Mon May  4 12:43:05 2026 RTZ 2 (s 10 , 64 bit Build 19041 (10.0.19041.5915) elapsed time: 5.996369 seconds (0d 0h 0m 5s)

---------------  T H R E A D  ---------------

Current thread (0x0000025a42fd1790):  JavaThread "C2 CompilerThread2" daemon [_thread_in_native, id=8, stack(0x0000007f31800000,0x0000007f31900000)]


Current CompileTask:
C2:5996 5458       4       java.util.regex.Pattern::compile (500 bytes)

Stack: [0x0000007f31800000,0x0000007f31900000]
Native frames: (J=compiled Java code, j=interpreted, Vv=VM code, C=native code)
V  [jvm.dll+0x683fb9]
V  [jvm.dll+0x83a1b5]
V  [jvm.dll+0x83bc2e]
V  [jvm.dll+0x83c2b3]
V  [jvm.dll+0x248eff]
V  [jvm.dll+0xad496]
V  [jvm.dll+0xadb3c]
V  [jvm.dll+0x368a3e]
V  [jvm.dll+0x332fa5]
V  [jvm.dll+0x33240a]
V  [jvm.dll+0x219db9]
V  [jvm.dll+0x219200]
V  [jvm.dll+0x1a4920]
V  [jvm.dll+0x22989a]
V  [jvm.dll+0x227a4b]
V  [jvm.dll+0x7effb8]
V  [jvm.dll+0x7ea44c]
V  [jvm.dll+0x682e87]
C  [ucrtbase.dll+0x21bb2]
C  [KERNEL32.DLL+0x17374]
C  [ntdll.dll+0x4cc91]


---------------  P R O C E S S  ---------------

Threads class SMR info:
_java_thread_list=0x0000025a89921170, length=68, elements={
0x0000025a22984ca0, 0x0000025a42feb1e0, 0x0000025a42febcb0, 0x0000025a430001b0,
0x0000025a43004ba0, 0x0000025a43005470, 0x0000025a43005d40, 0x0000025a430069f0,
0x0000025a430093c0, 0x0000025a4300bce0, 0x0000025a43300d30, 0x0000025a4351bf40,
0x0000025a43563450, 0x0000025a4393db80, 0x0000025a43d59bd0, 0x0000025a8a590440,
0x0000025a8a3c7040, 0x0000025a8a201660, 0x0000025a8a4e3c60, 0x0000025a8a4e0ed0,
0x0000025a8a4e4170, 0x0000025a8a4e4680, 0x0000025a8a4e18f0, 0x0000025a8a4e1e00,
0x0000025a8a4e2d30, 0x0000025a8a4e2820, 0x0000025a8a4e13e0, 0x0000025a8a4e2310,
0x0000025a8a4e3240, 0x0000025a8a4e3750, 0x0000025a8aa1cdc0, 0x0000025a8aa1b470,
0x0000025a8aa1dcf0, 0x0000025a8aa1d2d0, 0x0000025a8aa1c8b0, 0x0000025a8aa1d7e0,
0x0000025a8aa1b980, 0x0000025a8aa1e710, 0x0000025a8aa1e200, 0x0000025a8aa1ec20,
0x0000025a8aa1f130, 0x0000025a8aa1f640, 0x0000025a8aa1fb50, 0x0000025a8aa20060,
0x0000025a8aa20570, 0x0000025a8aa20a80, 0x0000025a8aa1be90, 0x0000025a8aa1c3a0,
0x0000025a8aa219b0, 0x0000025a8aa1a540, 0x0000025a8aa1aa50, 0x0000025a8aa1af60,
0x0000025a897e5150, 0x0000025a897eac70, 0x0000025a897eb690, 0x0000025a897eb180,
0x0000025a897ebba0, 0x0000025a897e4730, 0x0000025a897ea250, 0x0000025a897e8900,
0x0000025a897e9320, 0x0000025a897e6590, 0x0000025a897e5b70, 0x0000025a897e83f0,
0x0000025a897e4c40, 0x0000025a897e5660, 0x0000025a897e6fb0, 0x0000025a42fd1790
}

Java Threads: ( => current thread )
  0x0000025a22984ca0 JavaThread "main" [_thread_blocked, id=19532, stack(0x0000007f30400000,0x0000007f30500000)]
  0x0000025a42feb1e0 JavaThread "Reference Handler" daemon [_thread_blocked, id=5028, stack(0x0000007f30b00000,0x0000007f30c00000)]
  0x0000025a42febcb0 JavaThread "Finalizer" daemon [_thread_blocked, id=14204, stack(0x0000007f30c00000,0x0000007f30d00000)]
  0x0000025a430001b0 JavaThread "Signal Dispatcher" daemon [_thread_blocked, id=14472, stack(0x0000007f30d00000,0x0000007f30e00000)]
  0x0000025a43004ba0 JavaThread "Attach Listener" daemon [_thread_blocked, id=3416, stack(0x0000007f30e00000,0x0000007f30f00000)]
  0x0000025a43005470 JavaThread "Service Thread" daemon [_thread_blocked, id=6592, stack(0x0000007f30f00000,0x0000007f31000000)]
  0x0000025a43005d40 JavaThread "Monitor Deflation Thread" daemon [_thread_blocked, id=17264, stack(0x0000007f31000000,0x0000007f31100000)]
  0x0000025a430069f0 JavaThread "C2 CompilerThread0" daemon [_thread_blocked, id=19472, stack(0x0000007f31100000,0x0000007f31200000)]
  0x0000025a430093c0 JavaThread "C1 CompilerThread0" daemon [_thread_blocked, id=10928, stack(0x0000007f31200000,0x0000007f31300000)]
  0x0000025a4300bce0 JavaThread "Sweeper thread" daemon [_thread_blocked, id=10548, stack(0x0000007f31300000,0x0000007f31400000)]
  0x0000025a43300d30 JavaThread "Common-Cleaner" daemon [_thread_blocked, id=13628, stack(0x0000007f31400000,0x0000007f31500000)]
  0x0000025a4351bf40 JavaThread "Notification Thread" daemon [_thread_blocked, id=17228, stack(0x0000007f31500000,0x0000007f31600000)]
  0x0000025a43563450 JavaThread "C2 CompilerThread1" daemon [_thread_blocked, id=22980, stack(0x0000007f31700000,0x0000007f31800000)]
  0x0000025a4393db80 JavaThread "Daemon health stats" [_thread_blocked, id=1392, stack(0x0000007f31d00000,0x0000007f31e00000)]
  0x0000025a43d59bd0 JavaThread "Incoming local TCP Connector on port 58462" [_thread_in_native, id=9324, stack(0x0000007f31e00000,0x0000007f31f00000)]
  0x0000025a8a590440 JavaThread "Daemon periodic checks" [_thread_blocked, id=3700, stack(0x0000007f31f00000,0x0000007f32000000)]
  0x0000025a8a3c7040 JavaThread "Daemon" [_thread_blocked, id=20240, stack(0x0000007f32000000,0x0000007f32100000)]
  0x0000025a8a201660 JavaThread "Handler for socket connection from /127.0.0.1:58462 to /127.0.0.1:58463" [_thread_in_native, id=21932, stack(0x0000007f32100000,0x0000007f32200000)]
  0x0000025a8a4e3c60 JavaThread "Cancel handler" [_thread_blocked, id=15012, stack(0x0000007f32200000,0x0000007f32300000)]
  0x0000025a8a4e0ed0 JavaThread "Daemon worker" [_thread_in_vm, id=20168, stack(0x0000007f32300000,0x0000007f32400000)]
  0x0000025a8a4e4170 JavaThread "Asynchronous log dispatcher for DefaultDaemonConnection: socket connection from /127.0.0.1:58462 to /127.0.0.1:58463" [_thread_blocked, id=6260, stack(0x0000007f32400000,0x0000007f32500000)]
  0x0000025a8a4e4680 JavaThread "Stdin handler" [_thread_blocked, id=21816, stack(0x0000007f32500000,0x0000007f32600000)]
  0x0000025a8a4e18f0 JavaThread "Daemon client event forwarder" [_thread_blocked, id=21200, stack(0x0000007f32600000,0x0000007f32700000)]
  0x0000025a8a4e1e00 JavaThread "Cache worker for journal cache (C:\Users\User\.gradle\caches\journal-1)" [_thread_blocked, id=17648, stack(0x0000007f32700000,0x0000007f32800000)]
  0x0000025a8a4e2d30 JavaThread "File lock request listener" [_thread_in_native, id=6820, stack(0x0000007f32800000,0x0000007f32900000)]
  0x0000025a8a4e2820 JavaThread "Cache worker for file hash cache (C:\Users\User\.gradle\caches\8.11.1\fileHashes)" [_thread_blocked, id=8660, stack(0x0000007f32900000,0x0000007f32a00000)]
  0x0000025a8a4e13e0 JavaThread "Cache worker for file content cache (C:\Users\User\.gradle\caches\8.11.1\fileContent)" [_thread_blocked, id=15364, stack(0x0000007f32a00000,0x0000007f32b00000)]
  0x0000025a8a4e2310 JavaThread "Cache worker for file hash cache (D:\Diplom_Sleep\.gradle\8.11.1\fileHashes)" [_thread_blocked, id=13012, stack(0x0000007f32b00000,0x0000007f32c00000)]
  0x0000025a8a4e3240 JavaThread "Cache worker for Build Output Cleanup Cache (D:\Diplom_Sleep\.gradle\buildOutputCleanup)" [_thread_blocked, id=15160, stack(0x0000007f32c00000,0x0000007f32d00000)]
  0x0000025a8a4e3750 JavaThread "File watcher server" daemon [_thread_in_native, id=17988, stack(0x0000007f33400000,0x0000007f33500000)]
  0x0000025a8aa1cdc0 JavaThread "File watcher consumer" daemon [_thread_blocked, id=8576, stack(0x0000007f33500000,0x0000007f33600000)]
  0x0000025a8aa1b470 JavaThread "jar transforms" [_thread_blocked, id=12636, stack(0x0000007f33600000,0x0000007f33700000)]
  0x0000025a8aa1dcf0 JavaThread "jar transforms Thread 2" [_thread_blocked, id=5332, stack(0x0000007f33700000,0x0000007f33800000)]
  0x0000025a8aa1d2d0 JavaThread "jar transforms Thread 3" [_thread_blocked, id=10552, stack(0x0000007f33800000,0x0000007f33900000)]
  0x0000025a8aa1c8b0 JavaThread "jar transforms Thread 4" [_thread_blocked, id=1660, stack(0x0000007f33900000,0x0000007f33a00000)]
  0x0000025a8aa1d7e0 JavaThread "jar transforms Thread 5" [_thread_blocked, id=1256, stack(0x0000007f33a00000,0x0000007f33b00000)]
  0x0000025a8aa1b980 JavaThread "jar transforms Thread 6" [_thread_blocked, id=19748, stack(0x0000007f33b00000,0x0000007f33c00000)]
  0x0000025a8aa1e710 JavaThread "jar transforms Thread 7" [_thread_blocked, id=9808, stack(0x0000007f33c00000,0x0000007f33d00000)]
  0x0000025a8aa1e200 JavaThread "jar transforms Thread 8" [_thread_blocked, id=9340, stack(0x0000007f33d00000,0x0000007f33e00000)]
  0x0000025a8aa1ec20 JavaThread "jar transforms Thread 9" [_thread_blocked, id=15464, stack(0x0000007f33e00000,0x0000007f33f00000)]
  0x0000025a8aa1f130 JavaThread "jar transforms Thread 10" [_thread_blocked, id=19732, stack(0x0000007f33f00000,0x0000007f34000000)]
  0x0000025a8aa1f640 JavaThread "jar transforms Thread 11" [_thread_blocked, id=21556, stack(0x0000007f34000000,0x0000007f34100000)]
  0x0000025a8aa1fb50 JavaThread "jar transforms Thread 12" [_thread_blocked, id=16788, stack(0x0000007f34100000,0x0000007f34200000)]
  0x0000025a8aa20060 JavaThread "Cache worker for checksums cache (D:\Diplom_Sleep\.gradle\8.11.1\checksums)" [_thread_blocked, id=17720, stack(0x0000007f34200000,0x0000007f34300000)]
  0x0000025a8aa20570 JavaThread "Cache worker for cache directory md-rule (C:\Users\User\.gradle\caches\8.11.1\md-rule)" [_thread_blocked, id=21276, stack(0x0000007f34300000,0x0000007f34400000)]
  0x0000025a8aa20a80 JavaThread "Cache worker for cache directory md-supplier (C:\Users\User\.gradle\caches\8.11.1\md-supplier)" [_thread_blocked, id=14916, stack(0x0000007f34400000,0x0000007f34500000)]
  0x0000025a8aa1be90 JavaThread "Unconstrained build operations" [_thread_blocked, id=12316, stack(0x0000007f34500000,0x0000007f34600000)]
  0x0000025a8aa1c3a0 JavaThread "Unconstrained build operations Thread 2" [_thread_blocked, id=668, stack(0x0000007f34600000,0x0000007f34700000)]
  0x0000025a8aa219b0 JavaThread "Unconstrained build operations Thread 3" [_thread_blocked, id=22468, stack(0x0000007f34700000,0x0000007f34800000)]
  0x0000025a8aa1a540 JavaThread "Unconstrained build operations Thread 4" [_thread_blocked, id=18496, stack(0x0000007f34800000,0x0000007f34900000)]
  0x0000025a8aa1aa50 JavaThread "Unconstrained build operations Thread 5" [_thread_blocked, id=6004, stack(0x0000007f34900000,0x0000007f34a00000)]
  0x0000025a8aa1af60 JavaThread "Unconstrained build operations Thread 6" [_thread_blocked, id=14408, stack(0x0000007f34a00000,0x0000007f34b00000)]
  0x0000025a897e5150 JavaThread "Unconstrained build operations Thread 7" [_thread_blocked, id=1184, stack(0x0000007f34b00000,0x0000007f34c00000)]
  0x0000025a897eac70 JavaThread "Unconstrained build operations Thread 8" [_thread_blocked, id=1164, stack(0x0000007f34c00000,0x0000007f34d00000)]
  0x0000025a897eb690 JavaThread "Unconstrained build operations Thread 9" [_thread_blocked, id=3596, stack(0x0000007f34d00000,0x0000007f34e00000)]
  0x0000025a897eb180 JavaThread "Unconstrained build operations Thread 10" [_thread_blocked, id=6212, stack(0x0000007f34e00000,0x0000007f34f00000)]
  0x0000025a897ebba0 JavaThread "Unconstrained build operations Thread 11" [_thread_blocked, id=22380, stack(0x0000007f34f00000,0x0000007f35000000)]
  0x0000025a897e4730 JavaThread "Unconstrained build operations Thread 12" [_thread_blocked, id=3436, stack(0x0000007f35000000,0x0000007f35100000)]
  0x0000025a897ea250 JavaThread "Unconstrained build operations Thread 13" [_thread_blocked, id=21920, stack(0x0000007f35100000,0x0000007f35200000)]
  0x0000025a897e8900 JavaThread "Unconstrained build operations Thread 14" [_thread_blocked, id=4412, stack(0x0000007f35200000,0x0000007f35300000)]
  0x0000025a897e9320 JavaThread "Unconstrained build operations Thread 15" [_thread_blocked, id=9144, stack(0x0000007f35300000,0x0000007f35400000)]
  0x0000025a897e6590 JavaThread "Unconstrained build operations Thread 16" [_thread_blocked, id=9260, stack(0x0000007f35400000,0x0000007f35500000)]
  0x0000025a897e5b70 JavaThread "Unconstrained build operations Thread 17" [_thread_blocked, id=2548, stack(0x0000007f35500000,0x0000007f35600000)]
  0x0000025a897e83f0 JavaThread "Unconstrained build operations Thread 18" [_thread_blocked, id=22156, stack(0x0000007f35600000,0x0000007f35700000)]
  0x0000025a897e4c40 JavaThread "Unconstrained build operations Thread 19" [_thread_blocked, id=15688, stack(0x0000007f35700000,0x0000007f35800000)]
  0x0000025a897e5660 JavaThread "Unconstrained build operations Thread 20" [_thread_blocked, id=13740, stack(0x0000007f35800000,0x0000007f35900000)]
  0x0000025a897e6fb0 JavaThread "Unconstrained build operations Thread 21" [_thread_blocked, id=7272, stack(0x0000007f35900000,0x0000007f35a00000)]
=>0x0000025a42fd1790 JavaThread "C2 CompilerThread2" daemon [_thread_in_native, id=8, stack(0x0000007f31800000,0x0000007f31900000)]

Other Threads:
  0x0000025a42fe34d0 VMThread "VM Thread" [stack: 0x0000007f30a00000,0x0000007f30b00000] [id=5636]
  0x0000025a229856b0 WatcherThread [stack: 0x0000007f31600000,0x0000007f31700000] [id=18816]
  0x0000025a229e17f0 GCTaskThread "GC Thread#0" [stack: 0x0000007f30500000,0x0000007f30600000] [id=15600]
  0x0000025a43a5e930 GCTaskThread "GC Thread#1" [stack: 0x0000007f31900000,0x0000007f31a00000] [id=21880]
  0x0000025a43ebab10 GCTaskThread "GC Thread#2" [stack: 0x0000007f31a00000,0x0000007f31b00000] [id=22796]
  0x0000025a43ebadd0 GCTaskThread "GC Thread#3" [stack: 0x0000007f31b00000,0x0000007f31c00000] [id=23164]
  0x0000025a439a6cf0 GCTaskThread "GC Thread#4" [stack: 0x0000007f31c00000,0x0000007f31d00000] [id=14244]
  0x0000025a8d1dee80 GCTaskThread "GC Thread#5" [stack: 0x0000007f32d00000,0x0000007f32e00000] [id=11836]
  0x0000025a8a94c240 GCTaskThread "GC Thread#6" [stack: 0x0000007f32e00000,0x0000007f32f00000] [id=4948]
  0x0000025a8e777a70 GCTaskThread "GC Thread#7" [stack: 0x0000007f32f00000,0x0000007f33000000] [id=21652]
  0x0000025a8cddee70 GCTaskThread "GC Thread#8" [stack: 0x0000007f33000000,0x0000007f33100000] [id=7280]
  0x0000025a8cddf130 GCTaskThread "GC Thread#9" [stack: 0x0000007f33100000,0x0000007f33200000] [id=10804]
  0x0000025a229f3500 ConcurrentGCThread "G1 Main Marker" [stack: 0x0000007f30600000,0x0000007f30700000] [id=4844]
  0x0000025a229f3cd0 ConcurrentGCThread "G1 Conc#0" [stack: 0x0000007f30700000,0x0000007f30800000] [id=19164]
  0x0000025a8a867010 ConcurrentGCThread "G1 Conc#1" [stack: 0x0000007f33200000,0x0000007f33300000] [id=21948]
  0x0000025a8a8667d0 ConcurrentGCThread "G1 Conc#2" [stack: 0x0000007f33300000,0x0000007f33400000] [id=10576]
  0x0000025a22a3e2c0 ConcurrentGCThread "G1 Refine#0" [stack: 0x0000007f30800000,0x0000007f30900000] [id=16552]
  0x0000025a22a3e9a0 ConcurrentGCThread "G1 Service" [stack: 0x0000007f30900000,0x0000007f30a00000] [id=22040]

Threads with active compile tasks:
C2 CompilerThread2  6017 5458       4       java.util.regex.Pattern::compile (500 bytes)

VM state: not at safepoint (normal execution)

VM Mutex/Monitor currently owned by a thread: None

Heap address: 0x0000000080000000, size: 2048 MB, Compressed Oops mode: 32-bit

CDS archive(s) mapped at: [0x0000025a44000000-0x0000025a44bb0000-0x0000025a44bb0000), size 12255232, SharedBaseAddress: 0x0000025a44000000, ArchiveRelocationMode: 1.
Compressed class space mapped at: 0x0000025a45000000-0x0000025a85000000, reserved size: 1073741824
Narrow klass base: 0x0000025a44000000, Narrow klass shift: 0, Narrow klass range: 0x100000000

GC Precious Log:
 CPUs: 12 total, 12 available
 Memory: 15722M
 Large Page Support: Disabled
 NUMA Support: Disabled
 Compressed Oops: Enabled (32-bit)
 Heap Region Size: 1M
 Heap Min Capacity: 8M
 Heap Initial Capacity: 246M
 Heap Max Capacity: 2G
 Pre-touch: Disabled
 Parallel Workers: 10
 Concurrent Workers: 3
 Concurrent Refinement Workers: 10
 Periodic GC: Disabled

Heap:
 garbage-first heap   total 253952K, used 121882K [0x0000000080000000, 0x0000000100000000)
  region size 1024K, 54 young (55296K), 4 survivors (4096K)
 Metaspace       used 44700K, committed 45312K, reserved 1114112K
  class space    used 6233K, committed 6528K, reserved 1048576K

Heap Regions: E=young(eden), S=young(survivor), O=old, HS=humongous(starts), HC=humongous(continues), CS=collection set, F=free, OA=open archive, CA=closed archive, TAMS=top-at-mark-start (previous, next)
|   0|0x0000000080000000, 0x0000000080100000, 0x0000000080100000|100%| O|  |TAMS 0x0000000080100000, 0x0000000080100000| Untracked 
|   1|0x0000000080100000, 0x0000000080200000, 0x0000000080200000|100%|HS|  |TAMS 0x0000000080200000, 0x0000000080200000| Complete 
|   2|0x0000000080200000, 0x0000000080300000, 0x0000000080300000|100%|HC|  |TAMS 0x0000000080300000, 0x0000000080300000| Complete 
|   3|0x0000000080300000, 0x0000000080400000, 0x0000000080400000|100%|HC|  |TAMS 0x0000000080400000, 0x0000000080400000| Complete 
|   4|0x0000000080400000, 0x0000000080500000, 0x0000000080500000|100%| O|  |TAMS 0x0000000080500000, 0x0000000080500000| Untracked 
|   5|0x0000000080500000, 0x0000000080600000, 0x0000000080600000|100%| O|  |TAMS 0x0000000080600000, 0x0000000080600000| Untracked 
|   6|0x0000000080600000, 0x0000000080700000, 0x0000000080700000|100%| O|  |TAMS 0x0000000080700000, 0x0000000080700000| Untracked 
|   7|0x0000000080700000, 0x0000000080800000, 0x0000000080800000|100%|HS|  |TAMS 0x0000000080800000, 0x0000000080800000| Complete 
|   8|0x0000000080800000, 0x0000000080900000, 0x0000000080900000|100%|HS|  |TAMS 0x0000000080900000, 0x0000000080900000| Complete 
|   9|0x0000000080900000, 0x0000000080a00000, 0x0000000080a00000|100%| O|  |TAMS 0x0000000080a00000, 0x0000000080a00000| Untracked 
|  10|0x0000000080a00000, 0x0000000080b00000, 0x0000000080b00000|100%| O|  |TAMS 0x0000000080b00000, 0x0000000080b00000| Untracked 
|  11|0x0000000080b00000, 0x0000000080c00000, 0x0000000080c00000|100%| O|  |TAMS 0x0000000080c00000, 0x0000000080c00000| Untracked 
|  12|0x0000000080c00000, 0x0000000080ca2e00, 0x0000000080d00000| 63%| O|  |TAMS 0x0000000080ca2e00, 0x0000000080ca2e00| Untracked 
|  13|0x0000000080d00000, 0x0000000080e00000, 0x0000000080e00000|100%|HS|  |TAMS 0x0000000080e00000, 0x0000000080e00000| Complete 
|  14|0x0000000080e00000, 0x0000000080f00000, 0x0000000080f00000|100%|HC|  |TAMS 0x0000000080f00000, 0x0000000080f00000| Complete 
|  15|0x0000000080f00000, 0x0000000081000000, 0x0000000081000000|100%|HC|  |TAMS 0x0000000081000000, 0x0000000081000000| Complete 
|  16|0x0000000081000000, 0x0000000081100000, 0x0000000081100000|100%|HC|  |TAMS 0x0000000081100000, 0x0000000081100000| Complete 
|  17|0x0000000081100000, 0x0000000081200000, 0x0000000081200000|100%|HC|  |TAMS 0x0000000081200000, 0x0000000081200000| Complete 
|  18|0x0000000081200000, 0x0000000081300000, 0x0000000081300000|100%|HC|  |TAMS 0x0000000081300000, 0x0000000081300000| Complete 
|  19|0x0000000081300000, 0x0000000081400000, 0x0000000081400000|100%|HS|  |TAMS 0x0000000081400000, 0x0000000081400000| Complete 
|  20|0x0000000081400000, 0x0000000081500000, 0x0000000081500000|100%|HC|  |TAMS 0x0000000081500000, 0x0000000081500000| Complete 
|  21|0x0000000081500000, 0x0000000081600000, 0x0000000081600000|100%|HC|  |TAMS 0x0000000081600000, 0x0000000081600000| Complete 
|  22|0x0000000081600000, 0x0000000081700000, 0x0000000081700000|100%|HC|  |TAMS 0x0000000081700000, 0x0000000081700000| Complete 
|  23|0x0000000081700000, 0x0000000081800000, 0x0000000081800000|100%|HS|  |TAMS 0x0000000081800000, 0x0000000081800000| Complete 
|  24|0x0000000081800000, 0x0000000081900000, 0x0000000081900000|100%|HC|  |TAMS 0x0000000081900000, 0x0000000081900000| Complete 
|  25|0x0000000081900000, 0x0000000081a00000, 0x0000000081a00000|100%| O|  |TAMS 0x0000000081a00000, 0x0000000081a00000| Untracked 
|  26|0x0000000081a00000, 0x0000000081b00000, 0x0000000081b00000|100%| O|  |TAMS 0x0000000081b00000, 0x0000000081b00000| Untracked 
|  27|0x0000000081b00000, 0x0000000081c00000, 0x0000000081c00000|100%| O|  |TAMS 0x0000000081c00000, 0x0000000081c00000| Untracked 
|  28|0x0000000081c00000, 0x0000000081d00000, 0x0000000081d00000|100%| O|  |TAMS 0x0000000081d00000, 0x0000000081d00000| Untracked 
|  29|0x0000000081d00000, 0x0000000081e00000, 0x0000000081e00000|100%| O|  |TAMS 0x0000000081e00000, 0x0000000081e00000| Untracked 
|  30|0x0000000081e00000, 0x0000000081f00000, 0x0000000081f00000|100%| O|  |TAMS 0x0000000081f00000, 0x0000000081f00000| Untracked 
|  31|0x0000000081f00000, 0x0000000082000000, 0x0000000082000000|100%| O|  |TAMS 0x0000000082000000, 0x0000000082000000| Untracked 
|  32|0x0000000082000000, 0x0000000082100000, 0x0000000082100000|100%| O|  |TAMS 0x0000000082100000, 0x0000000082100000| Untracked 
|  33|0x0000000082100000, 0x0000000082200000, 0x0000000082200000|100%| O|  |TAMS 0x0000000082200000, 0x0000000082200000| Untracked 
|  34|0x0000000082200000, 0x0000000082300000, 0x0000000082300000|100%| O|  |TAMS 0x0000000082300000, 0x0000000082300000| Untracked 
|  35|0x0000000082300000, 0x0000000082400000, 0x0000000082400000|100%| O|  |TAMS 0x0000000082400000, 0x0000000082400000| Untracked 
|  36|0x0000000082400000, 0x0000000082500000, 0x0000000082500000|100%| O|  |TAMS 0x00000000824eae00, 0x0000000082500000| Untracked 
|  37|0x0000000082500000, 0x0000000082600000, 0x0000000082600000|100%| O|  |TAMS 0x0000000082600000, 0x0000000082600000| Untracked 
|  38|0x0000000082600000, 0x0000000082700000, 0x0000000082700000|100%| O|  |TAMS 0x0000000082700000, 0x0000000082700000| Untracked 
|  39|0x0000000082700000, 0x0000000082800000, 0x0000000082800000|100%| O|  |TAMS 0x0000000082800000, 0x0000000082800000| Untracked 
|  40|0x0000000082800000, 0x0000000082900000, 0x0000000082900000|100%| O|  |TAMS 0x0000000082900000, 0x0000000082900000| Untracked 
|  41|0x0000000082900000, 0x0000000082a00000, 0x0000000082a00000|100%| O|  |TAMS 0x0000000082a00000, 0x0000000082a00000| Untracked 
|  42|0x0000000082a00000, 0x0000000082b00000, 0x0000000082b00000|100%| O|  |TAMS 0x0000000082a00000, 0x0000000082b00000| Untracked 
|  43|0x0000000082b00000, 0x0000000082c00000, 0x0000000082c00000|100%| O|  |TAMS 0x0000000082b00000, 0x0000000082ba6e00| Untracked 
|  44|0x0000000082c00000, 0x0000000082d00000, 0x0000000082d00000|100%|HS|  |TAMS 0x0000000082c00000, 0x0000000082d00000| Complete 
|  45|0x0000000082d00000, 0x0000000082e00000, 0x0000000082e00000|100%|HC|  |TAMS 0x0000000082d00000, 0x0000000082e00000| Complete 
|  46|0x0000000082e00000, 0x0000000082f00000, 0x0000000082f00000|100%| O|  |TAMS 0x0000000082e00000, 0x0000000082e00000| Untracked 
|  47|0x0000000082f00000, 0x0000000082f7b400, 0x0000000083000000| 48%| O|  |TAMS 0x0000000082f00000, 0x0000000082f00000| Untracked 
|  48|0x0000000083000000, 0x0000000083100000, 0x0000000083100000|100%|HS|  |TAMS 0x0000000083000000, 0x0000000083000000| Complete 
|  49|0x0000000083100000, 0x0000000083200000, 0x0000000083200000|100%|HC|  |TAMS 0x0000000083100000, 0x0000000083100000| Complete 
|  50|0x0000000083200000, 0x0000000083300000, 0x0000000083300000|100%|HC|  |TAMS 0x0000000083200000, 0x0000000083200000| Complete 
|  51|0x0000000083300000, 0x0000000083400000, 0x0000000083400000|100%|HC|  |TAMS 0x0000000083300000, 0x0000000083300000| Complete 
|  52|0x0000000083400000, 0x0000000083500000, 0x0000000083500000|100%|HC|  |TAMS 0x0000000083400000, 0x0000000083400000| Complete 
|  53|0x0000000083500000, 0x0000000083600000, 0x0000000083600000|100%|HC|  |TAMS 0x0000000083500000, 0x0000000083500000| Complete 
|  54|0x0000000083600000, 0x0000000083700000, 0x0000000083700000|100%|HS|  |TAMS 0x0000000083600000, 0x0000000083600000| Complete 
|  55|0x0000000083700000, 0x0000000083800000, 0x0000000083800000|100%|HC|  |TAMS 0x0000000083700000, 0x0000000083700000| Complete 
|  56|0x0000000083800000, 0x0000000083900000, 0x0000000083900000|100%|HC|  |TAMS 0x0000000083800000, 0x0000000083800000| Complete 
|  57|0x0000000083900000, 0x0000000083a00000, 0x0000000083a00000|100%|HC|  |TAMS 0x0000000083900000, 0x0000000083900000| Complete 
|  58|0x0000000083a00000, 0x0000000083b00000, 0x0000000083b00000|100%|HC|  |TAMS 0x0000000083a00000, 0x0000000083a00000| Complete 
|  59|0x0000000083b00000, 0x0000000083c00000, 0x0000000083c00000|100%|HC|  |TAMS 0x0000000083b00000, 0x0000000083b00000| Complete 
|  60|0x0000000083c00000, 0x0000000083d00000, 0x0000000083d00000|100%|HS|  |TAMS 0x0000000083c00000, 0x0000000083c00000| Complete 
|  61|0x0000000083d00000, 0x0000000083e00000, 0x0000000083e00000|100%|HS|  |TAMS 0x0000000083d00000, 0x0000000083d00000| Complete 
|  62|0x0000000083e00000, 0x0000000083e00000, 0x0000000083f00000|  0%| F|  |TAMS 0x0000000083e00000, 0x0000000083e00000| Untracked 
|  63|0x0000000083f00000, 0x0000000083f00000, 0x0000000084000000|  0%| F|  |TAMS 0x0000000083f00000, 0x0000000083f00000| Untracked 
|  64|0x0000000084000000, 0x0000000084000000, 0x0000000084100000|  0%| F|  |TAMS 0x0000000084000000, 0x0000000084000000| Untracked 
|  65|0x0000000084100000, 0x0000000084100000, 0x0000000084200000|  0%| F|  |TAMS 0x0000000084100000, 0x0000000084100000| Untracked 
|  66|0x0000000084200000, 0x0000000084200000, 0x0000000084300000|  0%| F|  |TAMS 0x0000000084200000, 0x0000000084200000| Untracked 
|  67|0x0000000084300000, 0x0000000084300000, 0x0000000084400000|  0%| F|  |TAMS 0x0000000084300000, 0x0000000084300000| Untracked 
|  68|0x0000000084400000, 0x0000000084400000, 0x0000000084500000|  0%| F|  |TAMS 0x0000000084400000, 0x0000000084400000| Untracked 
|  69|0x0000000084500000, 0x0000000084500000, 0x0000000084600000|  0%| F|  |TAMS 0x0000000084500000, 0x0000000084500000| Untracked 
|  70|0x0000000084600000, 0x0000000084600000, 0x0000000084700000|  0%| F|  |TAMS 0x0000000084600000, 0x0000000084600000| Untracked 
|  71|0x0000000084700000, 0x0000000084700000, 0x0000000084800000|  0%| F|  |TAMS 0x0000000084700000, 0x0000000084700000| Untracked 
|  72|0x0000000084800000, 0x0000000084800000, 0x0000000084900000|  0%| F|  |TAMS 0x0000000084800000, 0x0000000084800000| Untracked 
|  73|0x0000000084900000, 0x0000000084900000, 0x0000000084a00000|  0%| F|  |TAMS 0x0000000084900000, 0x0000000084900000| Untracked 
|  74|0x0000000084a00000, 0x0000000084a00000, 0x0000000084b00000|  0%| F|  |TAMS 0x0000000084a00000, 0x0000000084a00000| Untracked 
|  75|0x0000000084b00000, 0x0000000084b00000, 0x0000000084c00000|  0%| F|  |TAMS 0x0000000084b00000, 0x0000000084b00000| Untracked 
|  76|0x0000000084c00000, 0x0000000084c00000, 0x0000000084d00000|  0%| F|  |TAMS 0x0000000084c00000, 0x0000000084c00000| Untracked 
|  77|0x0000000084d00000, 0x0000000084d00000, 0x0000000084e00000|  0%| F|  |TAMS 0x0000000084d00000, 0x0000000084d00000| Untracked 
|  78|0x0000000084e00000, 0x0000000084e00000, 0x0000000084f00000|  0%| F|  |TAMS 0x0000000084e00000, 0x0000000084e00000| Untracked 
|  79|0x0000000084f00000, 0x0000000084f00000, 0x0000000085000000|  0%| F|  |TAMS 0x0000000084f00000, 0x0000000084f00000| Untracked 
|  80|0x0000000085000000, 0x0000000085000000, 0x0000000085100000|  0%| F|  |TAMS 0x0000000085000000, 0x0000000085000000| Untracked 
|  81|0x0000000085100000, 0x0000000085100000, 0x0000000085200000|  0%| F|  |TAMS 0x0000000085100000, 0x0000000085100000| Untracked 
|  82|0x0000000085200000, 0x0000000085200000, 0x0000000085300000|  0%| F|  |TAMS 0x0000000085200000, 0x0000000085200000| Untracked 
|  83|0x0000000085300000, 0x00000000853e8880, 0x0000000085400000| 90%| S|CS|TAMS 0x0000000085300000, 0x0000000085300000| Complete 
|  84|0x0000000085400000, 0x0000000085500000, 0x0000000085500000|100%| S|CS|TAMS 0x0000000085400000, 0x0000000085400000| Complete 
|  85|0x0000000085500000, 0x0000000085600000, 0x0000000085600000|100%| S|CS|TAMS 0x0000000085500000, 0x0000000085500000| Complete 
|  86|0x0000000085600000, 0x0000000085600000, 0x0000000085700000|  0%| F|  |TAMS 0x0000000085600000, 0x0000000085600000| Untracked 
|  87|0x0000000085700000, 0x0000000085700000, 0x0000000085800000|  0%| F|  |TAMS 0x0000000085700000, 0x0000000085700000| Untracked 
|  88|0x0000000085800000, 0x0000000085800000, 0x0000000085900000|  0%| F|  |TAMS 0x0000000085800000, 0x0000000085800000| Untracked 
|  89|0x0000000085900000, 0x0000000085900000, 0x0000000085a00000|  0%| F|  |TAMS 0x0000000085900000, 0x0000000085900000| Untracked 
|  90|0x0000000085a00000, 0x0000000085b00000, 0x0000000085b00000|100%| S|CS|TAMS 0x0000000085a00000, 0x0000000085a00000| Complete 
|  91|0x0000000085b00000, 0x0000000085b00000, 0x0000000085c00000|  0%| F|  |TAMS 0x0000000085b00000, 0x0000000085b00000| Untracked 
|  92|0x0000000085c00000, 0x0000000085c00000, 0x0000000085d00000|  0%| F|  |TAMS 0x0000000085c00000, 0x0000000085c00000| Untracked 
|  93|0x0000000085d00000, 0x0000000085d00000, 0x0000000085e00000|  0%| F|  |TAMS 0x0000000085d00000, 0x0000000085d00000| Untracked 
|  94|0x0000000085e00000, 0x0000000085e00000, 0x0000000085f00000|  0%| F|  |TAMS 0x0000000085e00000, 0x0000000085e00000| Untracked 
|  95|0x0000000085f00000, 0x0000000085f00000, 0x0000000086000000|  0%| F|  |TAMS 0x0000000085f00000, 0x0000000085f00000| Untracked 
|  96|0x0000000086000000, 0x0000000086000000, 0x0000000086100000|  0%| F|  |TAMS 0x0000000086000000, 0x0000000086000000| Untracked 
|  97|0x0000000086100000, 0x0000000086100000, 0x0000000086200000|  0%| F|  |TAMS 0x0000000086100000, 0x0000000086100000| Untracked 
|  98|0x0000000086200000, 0x0000000086200000, 0x0000000086300000|  0%| F|  |TAMS 0x0000000086200000, 0x0000000086200000| Untracked 
|  99|0x0000000086300000, 0x0000000086300000, 0x0000000086400000|  0%| F|  |TAMS 0x0000000086300000, 0x0000000086300000| Untracked 
| 100|0x0000000086400000, 0x0000000086400000, 0x0000000086500000|  0%| F|  |TAMS 0x0000000086400000, 0x0000000086400000| Untracked 
| 101|0x0000000086500000, 0x0000000086500000, 0x0000000086600000|  0%| F|  |TAMS 0x0000000086500000, 0x0000000086500000| Untracked 
| 102|0x0000000086600000, 0x0000000086600000, 0x0000000086700000|  0%| F|  |TAMS 0x0000000086600000, 0x0000000086600000| Untracked 
| 103|0x0000000086700000, 0x0000000086700000, 0x0000000086800000|  0%| F|  |TAMS 0x0000000086700000, 0x0000000086700000| Untracked 
| 104|0x0000000086800000, 0x0000000086800000, 0x0000000086900000|  0%| F|  |TAMS 0x0000000086800000, 0x0000000086800000| Untracked 
| 105|0x0000000086900000, 0x0000000086900000, 0x0000000086a00000|  0%| F|  |TAMS 0x0000000086900000, 0x0000000086900000| Untracked 
| 106|0x0000000086a00000, 0x0000000086a00000, 0x0000000086b00000|  0%| F|  |TAMS 0x0000000086a00000, 0x0000000086a00000| Untracked 
| 107|0x0000000086b00000, 0x0000000086b00000, 0x0000000086c00000|  0%| F|  |TAMS 0x0000000086b00000, 0x0000000086b00000| Untracked 
| 108|0x0000000086c00000, 0x0000000086c00000, 0x0000000086d00000|  0%| F|  |TAMS 0x0000000086c00000, 0x0000000086c00000| Untracked 
| 109|0x0000000086d00000, 0x0000000086d00000, 0x0000000086e00000|  0%| F|  |TAMS 0x0000000086d00000, 0x0000000086d00000| Untracked 
| 110|0x0000000086e00000, 0x0000000086e00000, 0x0000000086f00000|  0%| F|  |TAMS 0x0000000086e00000, 0x0000000086e00000| Untracked 
| 111|0x0000000086f00000, 0x0000000086f00000, 0x0000000087000000|  0%| F|  |TAMS 0x0000000086f00000, 0x0000000086f00000| Untracked 
| 112|0x0000000087000000, 0x0000000087000000, 0x0000000087100000|  0%| F|  |TAMS 0x0000000087000000, 0x0000000087000000| Untracked 
| 113|0x0000000087100000, 0x0000000087100000, 0x0000000087200000|  0%| F|  |TAMS 0x0000000087100000, 0x0000000087100000| Untracked 
| 114|0x0000000087200000, 0x0000000087200000, 0x0000000087300000|  0%| F|  |TAMS 0x0000000087200000, 0x0000000087200000| Untracked 
| 115|0x0000000087300000, 0x0000000087300000, 0x0000000087400000|  0%| F|  |TAMS 0x0000000087300000, 0x0000000087300000| Untracked 
| 116|0x0000000087400000, 0x0000000087400000, 0x0000000087500000|  0%| F|  |TAMS 0x0000000087400000, 0x0000000087400000| Untracked 
| 117|0x0000000087500000, 0x0000000087500000, 0x0000000087600000|  0%| F|  |TAMS 0x0000000087500000, 0x0000000087500000| Untracked 
| 118|0x0000000087600000, 0x0000000087600000, 0x0000000087700000|  0%| F|  |TAMS 0x0000000087600000, 0x0000000087600000| Untracked 
| 119|0x0000000087700000, 0x0000000087700000, 0x0000000087800000|  0%| F|  |TAMS 0x0000000087700000, 0x0000000087700000| Untracked 
| 120|0x0000000087800000, 0x0000000087800000, 0x0000000087900000|  0%| F|  |TAMS 0x0000000087800000, 0x0000000087800000| Untracked 
| 121|0x0000000087900000, 0x0000000087900000, 0x0000000087a00000|  0%| F|  |TAMS 0x0000000087900000, 0x0000000087900000| Untracked 
| 122|0x0000000087a00000, 0x0000000087a00000, 0x0000000087b00000|  0%| F|  |TAMS 0x0000000087a00000, 0x0000000087a00000| Untracked 
| 123|0x0000000087b00000, 0x0000000087b00000, 0x0000000087c00000|  0%| F|  |TAMS 0x0000000087b00000, 0x0000000087b00000| Untracked 
| 124|0x0000000087c00000, 0x0000000087c00000, 0x0000000087d00000|  0%| F|  |TAMS 0x0000000087c00000, 0x0000000087c00000| Untracked 
| 125|0x0000000087d00000, 0x0000000087d00000, 0x0000000087e00000|  0%| F|  |TAMS 0x0000000087d00000, 0x0000000087d00000| Untracked 
| 126|0x0000000087e00000, 0x0000000087e00000, 0x0000000087f00000|  0%| F|  |TAMS 0x0000000087e00000, 0x0000000087e00000| Untracked 
| 127|0x0000000087f00000, 0x0000000087f00000, 0x0000000088000000|  0%| F|  |TAMS 0x0000000087f00000, 0x0000000087f00000| Untracked 
| 128|0x0000000088000000, 0x0000000088000000, 0x0000000088100000|  0%| F|  |TAMS 0x0000000088000000, 0x0000000088000000| Untracked 
| 129|0x0000000088100000, 0x0000000088100000, 0x0000000088200000|  0%| F|  |TAMS 0x0000000088100000, 0x0000000088100000| Untracked 
| 130|0x0000000088200000, 0x0000000088200000, 0x0000000088300000|  0%| F|  |TAMS 0x0000000088200000, 0x0000000088200000| Untracked 
| 131|0x0000000088300000, 0x0000000088300000, 0x0000000088400000|  0%| F|  |TAMS 0x0000000088300000, 0x0000000088300000| Untracked 
| 132|0x0000000088400000, 0x0000000088400000, 0x0000000088500000|  0%| F|  |TAMS 0x0000000088400000, 0x0000000088400000| Untracked 
| 133|0x0000000088500000, 0x0000000088500000, 0x0000000088600000|  0%| F|  |TAMS 0x0000000088500000, 0x0000000088500000| Untracked 
| 134|0x0000000088600000, 0x0000000088600000, 0x0000000088700000|  0%| F|  |TAMS 0x0000000088600000, 0x0000000088600000| Untracked 
| 135|0x0000000088700000, 0x0000000088700000, 0x0000000088800000|  0%| F|  |TAMS 0x0000000088700000, 0x0000000088700000| Untracked 
| 136|0x0000000088800000, 0x0000000088800000, 0x0000000088900000|  0%| F|  |TAMS 0x0000000088800000, 0x0000000088800000| Untracked 
| 137|0x0000000088900000, 0x0000000088900000, 0x0000000088a00000|  0%| F|  |TAMS 0x0000000088900000, 0x0000000088900000| Untracked 
| 138|0x0000000088a00000, 0x0000000088a00000, 0x0000000088b00000|  0%| F|  |TAMS 0x0000000088a00000, 0x0000000088a00000| Untracked 
| 139|0x0000000088b00000, 0x0000000088b00000, 0x0000000088c00000|  0%| F|  |TAMS 0x0000000088b00000, 0x0000000088b00000| Untracked 
| 140|0x0000000088c00000, 0x0000000088c00000, 0x0000000088d00000|  0%| F|  |TAMS 0x0000000088c00000, 0x0000000088c00000| Untracked 
| 141|0x0000000088d00000, 0x0000000088d00000, 0x0000000088e00000|  0%| F|  |TAMS 0x0000000088d00000, 0x0000000088d00000| Untracked 
| 142|0x0000000088e00000, 0x0000000088e00000, 0x0000000088f00000|  0%| F|  |TAMS 0x0000000088e00000, 0x0000000088e00000| Untracked 
| 143|0x0000000088f00000, 0x0000000088f00000, 0x0000000089000000|  0%| F|  |TAMS 0x0000000088f00000, 0x0000000088f00000| Untracked 
| 144|0x0000000089000000, 0x0000000089000000, 0x0000000089100000|  0%| F|  |TAMS 0x0000000089000000, 0x0000000089000000| Untracked 
| 145|0x0000000089100000, 0x0000000089100000, 0x0000000089200000|  0%| F|  |TAMS 0x0000000089100000, 0x0000000089100000| Untracked 
| 146|0x0000000089200000, 0x0000000089200000, 0x0000000089300000|  0%| F|  |TAMS 0x0000000089200000, 0x0000000089200000| Untracked 
| 147|0x0000000089300000, 0x0000000089300000, 0x0000000089400000|  0%| F|  |TAMS 0x0000000089300000, 0x0000000089300000| Untracked 
| 148|0x0000000089400000, 0x0000000089400000, 0x0000000089500000|  0%| F|  |TAMS 0x0000000089400000, 0x0000000089400000| Untracked 
| 149|0x0000000089500000, 0x0000000089500000, 0x0000000089600000|  0%| F|  |TAMS 0x0000000089500000, 0x0000000089500000| Untracked 
| 150|0x0000000089600000, 0x0000000089600000, 0x0000000089700000|  0%| F|  |TAMS 0x0000000089600000, 0x0000000089600000| Untracked 
| 151|0x0000000089700000, 0x0000000089700000, 0x0000000089800000|  0%| F|  |TAMS 0x0000000089700000, 0x0000000089700000| Untracked 
| 152|0x0000000089800000, 0x0000000089800000, 0x0000000089900000|  0%| F|  |TAMS 0x0000000089800000, 0x0000000089800000| Untracked 
| 153|0x0000000089900000, 0x0000000089900000, 0x0000000089a00000|  0%| F|  |TAMS 0x0000000089900000, 0x0000000089900000| Untracked 
| 154|0x0000000089a00000, 0x0000000089a00000, 0x0000000089b00000|  0%| F|  |TAMS 0x0000000089a00000, 0x0000000089a00000| Untracked 
| 155|0x0000000089b00000, 0x0000000089b00000, 0x0000000089c00000|  0%| F|  |TAMS 0x0000000089b00000, 0x0000000089b00000| Untracked 
| 156|0x0000000089c00000, 0x0000000089c00000, 0x0000000089d00000|  0%| F|  |TAMS 0x0000000089c00000, 0x0000000089c00000| Untracked 
| 157|0x0000000089d00000, 0x0000000089d00000, 0x0000000089e00000|  0%| F|  |TAMS 0x0000000089d00000, 0x0000000089d00000| Untracked 
| 158|0x0000000089e00000, 0x0000000089e00000, 0x0000000089f00000|  0%| F|  |TAMS 0x0000000089e00000, 0x0000000089e00000| Untracked 
| 159|0x0000000089f00000, 0x0000000089f00000, 0x000000008a000000|  0%| F|  |TAMS 0x0000000089f00000, 0x0000000089f00000| Untracked 
| 160|0x000000008a000000, 0x000000008a000000, 0x000000008a100000|  0%| F|  |TAMS 0x000000008a000000, 0x000000008a000000| Untracked 
| 161|0x000000008a100000, 0x000000008a100000, 0x000000008a200000|  0%| F|  |TAMS 0x000000008a100000, 0x000000008a100000| Untracked 
| 162|0x000000008a200000, 0x000000008a200000, 0x000000008a300000|  0%| F|  |TAMS 0x000000008a200000, 0x000000008a200000| Untracked 
| 163|0x000000008a300000, 0x000000008a300000, 0x000000008a400000|  0%| F|  |TAMS 0x000000008a300000, 0x000000008a300000| Untracked 
| 164|0x000000008a400000, 0x000000008a400000, 0x000000008a500000|  0%| F|  |TAMS 0x000000008a400000, 0x000000008a400000| Untracked 
| 165|0x000000008a500000, 0x000000008a500000, 0x000000008a600000|  0%| F|  |TAMS 0x000000008a500000, 0x000000008a500000| Untracked 
| 166|0x000000008a600000, 0x000000008a600000, 0x000000008a700000|  0%| F|  |TAMS 0x000000008a600000, 0x000000008a600000| Untracked 
| 167|0x000000008a700000, 0x000000008a700000, 0x000000008a800000|  0%| F|  |TAMS 0x000000008a700000, 0x000000008a700000| Untracked 
| 168|0x000000008a800000, 0x000000008a800000, 0x000000008a900000|  0%| F|  |TAMS 0x000000008a800000, 0x000000008a800000| Untracked 
| 169|0x000000008a900000, 0x000000008a900000, 0x000000008aa00000|  0%| F|  |TAMS 0x000000008a900000, 0x000000008a900000| Untracked 
| 170|0x000000008aa00000, 0x000000008aa00000, 0x000000008ab00000|  0%| F|  |TAMS 0x000000008aa00000, 0x000000008aa00000| Untracked 
| 171|0x000000008ab00000, 0x000000008ab00000, 0x000000008ac00000|  0%| F|  |TAMS 0x000000008ab00000, 0x000000008ab00000| Untracked 
| 172|0x000000008ac00000, 0x000000008ac00000, 0x000000008ad00000|  0%| F|  |TAMS 0x000000008ac00000, 0x000000008ac00000| Untracked 
| 173|0x000000008ad00000, 0x000000008ad00000, 0x000000008ae00000|  0%| F|  |TAMS 0x000000008ad00000, 0x000000008ad00000| Untracked 
| 174|0x000000008ae00000, 0x000000008ae00000, 0x000000008af00000|  0%| F|  |TAMS 0x000000008ae00000, 0x000000008ae00000| Untracked 
| 175|0x000000008af00000, 0x000000008af00000, 0x000000008b000000|  0%| F|  |TAMS 0x000000008af00000, 0x000000008af00000| Untracked 
| 176|0x000000008b000000, 0x000000008b000000, 0x000000008b100000|  0%| F|  |TAMS 0x000000008b000000, 0x000000008b000000| Untracked 
| 177|0x000000008b100000, 0x000000008b100000, 0x000000008b200000|  0%| F|  |TAMS 0x000000008b100000, 0x000000008b100000| Untracked 
| 178|0x000000008b200000, 0x000000008b200000, 0x000000008b300000|  0%| F|  |TAMS 0x000000008b200000, 0x000000008b200000| Untracked 
| 179|0x000000008b300000, 0x000000008b300000, 0x000000008b400000|  0%| F|  |TAMS 0x000000008b300000, 0x000000008b300000| Untracked 
| 180|0x000000008b400000, 0x000000008b400000, 0x000000008b500000|  0%| F|  |TAMS 0x000000008b400000, 0x000000008b400000| Untracked 
| 181|0x000000008b500000, 0x000000008b500000, 0x000000008b600000|  0%| F|  |TAMS 0x000000008b500000, 0x000000008b500000| Untracked 
| 182|0x000000008b600000, 0x000000008b600000, 0x000000008b700000|  0%| F|  |TAMS 0x000000008b600000, 0x000000008b600000| Untracked 
| 183|0x000000008b700000, 0x000000008b700000, 0x000000008b800000|  0%| F|  |TAMS 0x000000008b700000, 0x000000008b700000| Untracked 
| 184|0x000000008b800000, 0x000000008b800000, 0x000000008b900000|  0%| F|  |TAMS 0x000000008b800000, 0x000000008b800000| Untracked 
| 185|0x000000008b900000, 0x000000008b900000, 0x000000008ba00000|  0%| F|  |TAMS 0x000000008b900000, 0x000000008b900000| Untracked 
| 186|0x000000008ba00000, 0x000000008ba00000, 0x000000008bb00000|  0%| F|  |TAMS 0x000000008ba00000, 0x000000008ba00000| Untracked 
| 187|0x000000008bb00000, 0x000000008bb00000, 0x000000008bc00000|  0%| F|  |TAMS 0x000000008bb00000, 0x000000008bb00000| Untracked 
| 188|0x000000008bc00000, 0x000000008bc00000, 0x000000008bd00000|  0%| F|  |TAMS 0x000000008bc00000, 0x000000008bc00000| Untracked 
| 189|0x000000008bd00000, 0x000000008bd00000, 0x000000008be00000|  0%| F|  |TAMS 0x000000008bd00000, 0x000000008bd00000| Untracked 
| 190|0x000000008be00000, 0x000000008be00000, 0x000000008bf00000|  0%| F|  |TAMS 0x000000008be00000, 0x000000008be00000| Untracked 
| 191|0x000000008bf00000, 0x000000008bf00000, 0x000000008c000000|  0%| F|  |TAMS 0x000000008bf00000, 0x000000008bf00000| Untracked 
| 192|0x000000008c000000, 0x000000008c100000, 0x000000008c100000|100%| E|  |TAMS 0x000000008c000000, 0x000000008c000000| Complete 
| 193|0x000000008c100000, 0x000000008c200000, 0x000000008c200000|100%| E|CS|TAMS 0x000000008c100000, 0x000000008c100000| Complete 
| 194|0x000000008c200000, 0x000000008c300000, 0x000000008c300000|100%| E|CS|TAMS 0x000000008c200000, 0x000000008c200000| Complete 
| 195|0x000000008c300000, 0x000000008c400000, 0x000000008c400000|100%| E|CS|TAMS 0x000000008c300000, 0x000000008c300000| Complete 
| 196|0x000000008c400000, 0x000000008c500000, 0x000000008c500000|100%| E|CS|TAMS 0x000000008c400000, 0x000000008c400000| Complete 
| 197|0x000000008c500000, 0x000000008c600000, 0x000000008c600000|100%| E|CS|TAMS 0x000000008c500000, 0x000000008c500000| Complete 
| 198|0x000000008c600000, 0x000000008c700000, 0x000000008c700000|100%| E|CS|TAMS 0x000000008c600000, 0x000000008c600000| Complete 
| 199|0x000000008c700000, 0x000000008c800000, 0x000000008c800000|100%| E|CS|TAMS 0x000000008c700000, 0x000000008c700000| Complete 
| 200|0x000000008c800000, 0x000000008c900000, 0x000000008c900000|100%| E|CS|TAMS 0x000000008c800000, 0x000000008c800000| Complete 
| 201|0x000000008c900000, 0x000000008ca00000, 0x000000008ca00000|100%| E|CS|TAMS 0x000000008c900000, 0x000000008c900000| Complete 
| 202|0x000000008ca00000, 0x000000008cb00000, 0x000000008cb00000|100%| E|CS|TAMS 0x000000008ca00000, 0x000000008ca00000| Complete 
| 203|0x000000008cb00000, 0x000000008cc00000, 0x000000008cc00000|100%| E|CS|TAMS 0x000000008cb00000, 0x000000008cb00000| Complete 
| 204|0x000000008cc00000, 0x000000008cd00000, 0x000000008cd00000|100%| E|CS|TAMS 0x000000008cc00000, 0x000000008cc00000| Complete 
| 205|0x000000008cd00000, 0x000000008ce00000, 0x000000008ce00000|100%| E|CS|TAMS 0x000000008cd00000, 0x000000008cd00000| Complete 
| 206|0x000000008ce00000, 0x000000008cf00000, 0x000000008cf00000|100%| E|CS|TAMS 0x000000008ce00000, 0x000000008ce00000| Complete 
| 207|0x000000008cf00000, 0x000000008d000000, 0x000000008d000000|100%| E|CS|TAMS 0x000000008cf00000, 0x000000008cf00000| Complete 
| 208|0x000000008d000000, 0x000000008d100000, 0x000000008d100000|100%| E|CS|TAMS 0x000000008d000000, 0x000000008d000000| Complete 
| 209|0x000000008d100000, 0x000000008d200000, 0x000000008d200000|100%| E|CS|TAMS 0x000000008d100000, 0x000000008d100000| Complete 
| 210|0x000000008d200000, 0x000000008d300000, 0x000000008d300000|100%| E|CS|TAMS 0x000000008d200000, 0x000000008d200000| Complete 
| 211|0x000000008d300000, 0x000000008d400000, 0x000000008d400000|100%| E|CS|TAMS 0x000000008d300000, 0x000000008d300000| Complete 
| 212|0x000000008d400000, 0x000000008d500000, 0x000000008d500000|100%| E|CS|TAMS 0x000000008d400000, 0x000000008d400000| Complete 
| 213|0x000000008d500000, 0x000000008d600000, 0x000000008d600000|100%| E|CS|TAMS 0x000000008d500000, 0x000000008d500000| Complete 
| 214|0x000000008d600000, 0x000000008d700000, 0x000000008d700000|100%| E|CS|TAMS 0x000000008d600000, 0x000000008d600000| Complete 
| 215|0x000000008d700000, 0x000000008d800000, 0x000000008d800000|100%| E|CS|TAMS 0x000000008d700000, 0x000000008d700000| Complete 
| 216|0x000000008d800000, 0x000000008d900000, 0x000000008d900000|100%| E|CS|TAMS 0x000000008d800000, 0x000000008d800000| Complete 
| 217|0x000000008d900000, 0x000000008da00000, 0x000000008da00000|100%| E|CS|TAMS 0x000000008d900000, 0x000000008d900000| Complete 
| 218|0x000000008da00000, 0x000000008db00000, 0x000000008db00000|100%| E|CS|TAMS 0x000000008da00000, 0x000000008da00000| Complete 
| 219|0x000000008db00000, 0x000000008dc00000, 0x000000008dc00000|100%| E|CS|TAMS 0x000000008db00000, 0x000000008db00000| Complete 
| 220|0x000000008dc00000, 0x000000008dd00000, 0x000000008dd00000|100%| E|CS|TAMS 0x000000008dc00000, 0x000000008dc00000| Complete 
| 221|0x000000008dd00000, 0x000000008de00000, 0x000000008de00000|100%| E|CS|TAMS 0x000000008dd00000, 0x000000008dd00000| Complete 
| 222|0x000000008de00000, 0x000000008df00000, 0x000000008df00000|100%| E|CS|TAMS 0x000000008de00000, 0x000000008de00000| Complete 
| 223|0x000000008df00000, 0x000000008e000000, 0x000000008e000000|100%| E|CS|TAMS 0x000000008df00000, 0x000000008df00000| Complete 
| 224|0x000000008e000000, 0x000000008e100000, 0x000000008e100000|100%| E|CS|TAMS 0x000000008e000000, 0x000000008e000000| Complete 
| 225|0x000000008e100000, 0x000000008e200000, 0x000000008e200000|100%| E|CS|TAMS 0x000000008e100000, 0x000000008e100000| Complete 
| 226|0x000000008e200000, 0x000000008e300000, 0x000000008e300000|100%| E|CS|TAMS 0x000000008e200000, 0x000000008e200000| Complete 
| 227|0x000000008e300000, 0x000000008e400000, 0x000000008e400000|100%| E|CS|TAMS 0x000000008e300000, 0x000000008e300000| Complete 
| 228|0x000000008e400000, 0x000000008e500000, 0x000000008e500000|100%| E|CS|TAMS 0x000000008e400000, 0x000000008e400000| Complete 
| 229|0x000000008e500000, 0x000000008e600000, 0x000000008e600000|100%| E|  |TAMS 0x000000008e500000, 0x000000008e500000| Complete 
| 230|0x000000008e600000, 0x000000008e700000, 0x000000008e700000|100%| E|CS|TAMS 0x000000008e600000, 0x000000008e600000| Complete 
| 231|0x000000008e700000, 0x000000008e800000, 0x000000008e800000|100%| E|CS|TAMS 0x000000008e700000, 0x000000008e700000| Complete 
| 232|0x000000008e800000, 0x000000008e900000, 0x000000008e900000|100%| E|CS|TAMS 0x000000008e800000, 0x000000008e800000| Complete 
| 233|0x000000008e900000, 0x000000008ea00000, 0x000000008ea00000|100%| E|CS|TAMS 0x000000008e900000, 0x000000008e900000| Complete 
| 234|0x000000008ea00000, 0x000000008eb00000, 0x000000008eb00000|100%| E|CS|TAMS 0x000000008ea00000, 0x000000008ea00000| Complete 
| 235|0x000000008eb00000, 0x000000008ec00000, 0x000000008ec00000|100%| E|CS|TAMS 0x000000008eb00000, 0x000000008eb00000| Complete 
| 236|0x000000008ec00000, 0x000000008ed00000, 0x000000008ed00000|100%| E|CS|TAMS 0x000000008ec00000, 0x000000008ec00000| Complete 
| 237|0x000000008ed00000, 0x000000008ee00000, 0x000000008ee00000|100%| E|CS|TAMS 0x000000008ed00000, 0x000000008ed00000| Complete 
| 238|0x000000008ee00000, 0x000000008ef00000, 0x000000008ef00000|100%| E|CS|TAMS 0x000000008ee00000, 0x000000008ee00000| Complete 
| 239|0x000000008ef00000, 0x000000008f000000, 0x000000008f000000|100%| E|CS|TAMS 0x000000008ef00000, 0x000000008ef00000| Complete 
| 240|0x000000008f000000, 0x000000008f100000, 0x000000008f100000|100%| E|CS|TAMS 0x000000008f000000, 0x000000008f000000| Complete 
| 245|0x000000008f500000, 0x000000008f600000, 0x000000008f600000|100%| E|CS|TAMS 0x000000008f500000, 0x000000008f500000| Complete 
|2042|0x00000000ffa00000, 0x00000000ffb00000, 0x00000000ffb00000|100%| O|  |TAMS 0x00000000ffb00000, 0x00000000ffb00000| Untracked 
|2043|0x00000000ffb00000, 0x00000000ffc00000, 0x00000000ffc00000|100%| O|  |TAMS 0x00000000ffc00000, 0x00000000ffc00000| Untracked 
|2044|0x00000000ffc00000, 0x00000000ffd00000, 0x00000000ffd00000|100%| O|  |TAMS 0x00000000ffd00000, 0x00000000ffd00000| Untracked 
|2045|0x00000000ffd00000, 0x00000000ffe00000, 0x00000000ffe00000|100%| O|  |TAMS 0x00000000ffe00000, 0x00000000ffe00000| Untracked 
|2046|0x00000000ffe00000, 0x00000000fff00000, 0x00000000fff00000|100%| O|  |TAMS 0x00000000fff00000, 0x00000000fff00000| Untracked 
|2047|0x00000000fff00000, 0x0000000100000000, 0x0000000100000000|100%| O|  |TAMS 0x0000000100000000, 0x0000000100000000| Untracked 

Card table byte_map: [0x0000025a3bd40000,0x0000025a3c140000] _byte_map_base: 0x0000025a3b940000

Marking Bits (Prev, Next): (CMBitMap*) 0x0000025a229e1bc0, (CMBitMap*) 0x0000025a229e1c00
 Prev Bits: [0x0000025a3c540000, 0x0000025a3e540000)
 Next Bits: [0x0000025a3e540000, 0x0000025a40540000)

Polling page: 0x0000025a22740000

Metaspace:

Usage:
  Non-class:     37.60 MB used.
      Class:      6.10 MB used.
       Both:     43.70 MB used.

Virtual space:
  Non-class space:       64.00 MB reserved,      37.94 MB ( 59%) committed,  1 nodes.
      Class space:        1.00 GB reserved,       6.44 MB ( <1%) committed,  1 nodes.
             Both:        1.06 GB reserved,      44.38 MB (  4%) committed. 

Chunk freelists:
   Non-Class:  10.03 MB
       Class:  9.48 MB
        Both:  19.52 MB

MaxMetaspaceSize: unlimited
CompressedClassSpaceSize: 1.00 GB
Initial GC threshold: 21.00 MB
Current GC threshold: 68.75 MB
CDS: on
MetaspaceReclaimPolicy: balanced
 - commit_granule_bytes: 65536.
 - commit_granule_words: 8192.
 - virtual_space_node_default_size: 8388608.
 - enlarge_chunks_in_place: 1.
 - new_chunks_are_fully_committed: 0.
 - uncommit_free_chunks: 1.
 - use_allocation_guard: 0.
 - handle_deallocations: 1.


Internal statistics:

num_allocs_failed_limit: 3.
num_arena_births: 744.
num_arena_deaths: 0.
num_vsnodes_births: 2.
num_vsnodes_deaths: 0.
num_space_committed: 710.
num_space_uncommitted: 0.
num_chunks_returned_to_freelist: 3.
num_chunks_taken_from_freelist: 2608.
num_chunk_merges: 3.
num_chunk_splits: 1658.
num_chunks_enlarged: 1082.
num_inconsistent_stats: 0.

CodeHeap 'non-profiled nmethods': size=120000Kb used=2668Kb max_used=2990Kb free=117331Kb
 bounds [0x0000025a33780000, 0x0000025a33a80000, 0x0000025a3acb0000]
CodeHeap 'profiled nmethods': size=120000Kb used=9218Kb max_used=9290Kb free=110781Kb
 bounds [0x0000025a2bcb0000, 0x0000025a2c5d0000, 0x0000025a331e0000]
CodeHeap 'non-nmethods': size=5760Kb used=2322Kb max_used=2372Kb free=3437Kb
 bounds [0x0000025a331e0000, 0x0000025a33450000, 0x0000025a33780000]
 total_blobs=5591 nmethods=4759 adapters=744
 compilation: enabled
              stopped_count=0, restarted_count=0
 full_count=0

Compilation events (20 events):
Event: 5.980 Thread 0x0000025a430093c0 nmethod 5510 0x0000025a2be11690 code [0x0000025a2be11840, 0x0000025a2be11a08]
Event: 5.980 Thread 0x0000025a430093c0 5511       3       org.gradle.internal.snapshot.DirectorySnapshot::getChildSnapshot (30 bytes)
Event: 5.981 Thread 0x0000025a430093c0 nmethod 5511 0x0000025a2be10190 code [0x0000025a2be10420, 0x0000025a2be11218]
Event: 5.982 Thread 0x0000025a430093c0 5513       3       com.google.common.collect.MapMakerInternalMap$WeakKeyDummyValueEntry$Helper::newEntry (16 bytes)
Event: 5.982 Thread 0x0000025a430093c0 nmethod 5513 0x0000025a2be0fb90 code [0x0000025a2be0fd40, 0x0000025a2be10068]
Event: 5.982 Thread 0x0000025a430093c0 5514       3       com.google.common.collect.Iterables::castOrCopyToCollection (24 bytes)
Event: 5.983 Thread 0x0000025a430093c0 nmethod 5514 0x0000025a2be0f010 code [0x0000025a2be0f220, 0x0000025a2be0f998]
Event: 5.986 Thread 0x0000025a430093c0 5515       3       com.google.common.collect.ImmutableSet$CachingAsList::asList (21 bytes)
Event: 5.986 Thread 0x0000025a430093c0 nmethod 5515 0x0000025a2be0eb10 code [0x0000025a2be0ecc0, 0x0000025a2be0ef48]
Event: 5.986 Thread 0x0000025a430093c0 5516       3       java.util.concurrent.atomic.AtomicReference::<init> (5 bytes)
Event: 5.986 Thread 0x0000025a430093c0 nmethod 5516 0x0000025a2be0e710 code [0x0000025a2be0e8c0, 0x0000025a2be0ea18]
Event: 5.987 Thread 0x0000025a430093c0 5518       3       com.google.common.collect.Sets$1$1::computeNext (70 bytes)
Event: 5.987 Thread 0x0000025a430093c0 nmethod 5518 0x0000025a2be0db10 code [0x0000025a2be0dd40, 0x0000025a2be0e4a8]
Event: 5.987 Thread 0x0000025a430093c0 5519       3       jdk.internal.jimage.BasicImageReader::getLocationIndex (52 bytes)
Event: 5.988 Thread 0x0000025a430093c0 nmethod 5519 0x0000025a2be0d210 code [0x0000025a2be0d420, 0x0000025a2be0d8b8]
Event: 5.988 Thread 0x0000025a430093c0 5517       3       org.gradle.internal.instantiation.generator.AsmBackedClassGenerator::getServicesForNext (13 bytes)
Event: 5.988 Thread 0x0000025a430093c0 nmethod 5517 0x0000025a2be0cc90 code [0x0000025a2be0ce40, 0x0000025a2be0d0e8]
Event: 5.989 Thread 0x0000025a43563450 nmethod 5383 0x0000025a338f6790 code [0x0000025a338f6ca0, 0x0000025a338fc518]
Event: 5.990 Thread 0x0000025a430093c0 5520       3       java.util.ArrayList::clear (43 bytes)
Event: 5.990 Thread 0x0000025a430093c0 nmethod 5520 0x0000025a2be0c610 code [0x0000025a2be0c7c0, 0x0000025a2be0cb38]

GC Heap History (20 events):
Event: 3.506 GC heap before
{Heap before GC invocations=5 (full 0):
 garbage-first heap   total 86016K, used 70972K [0x0000000080000000, 0x0000000100000000)
  region size 1024K, 47 young (48128K), 12 survivors (12288K)
 Metaspace       used 24690K, committed 25152K, reserved 1114112K
  class space    used 3668K, committed 3904K, reserved 1048576K
}
Event: 3.514 GC heap after
{Heap after GC invocations=6 (full 0):
 garbage-first heap   total 93184K, used 43449K [0x0000000080000000, 0x0000000100000000)
  region size 1024K, 7 young (7168K), 7 survivors (7168K)
 Metaspace       used 24690K, committed 25152K, reserved 1114112K
  class space    used 3668K, committed 3904K, reserved 1048576K
}
Event: 3.824 GC heap before
{Heap before GC invocations=6 (full 0):
 garbage-first heap   total 93184K, used 69049K [0x0000000080000000, 0x0000000100000000)
  region size 1024K, 33 young (33792K), 7 survivors (7168K)
 Metaspace       used 27454K, committed 27904K, reserved 1114112K
  class space    used 4116K, committed 4352K, reserved 1048576K
}
Event: 3.827 GC heap after
{Heap after GC invocations=7 (full 0):
 garbage-first heap   total 93184K, used 43849K [0x0000000080000000, 0x0000000100000000)
  region size 1024K, 2 young (2048K), 2 survivors (2048K)
 Metaspace       used 27454K, committed 27904K, reserved 1114112K
  class space    used 4116K, committed 4352K, reserved 1048576K
}
Event: 4.216 GC heap before
{Heap before GC invocations=7 (full 0):
 garbage-first heap   total 93184K, used 70473K [0x0000000080000000, 0x0000000100000000)
  region size 1024K, 29 young (29696K), 2 survivors (2048K)
 Metaspace       used 31250K, committed 31680K, reserved 1114112K
  class space    used 4648K, committed 4864K, reserved 1048576K
}
Event: 4.218 GC heap after
{Heap after GC invocations=8 (full 0):
 garbage-first heap   total 93184K, used 45377K [0x0000000080000000, 0x0000000100000000)
  region size 1024K, 3 young (3072K), 3 survivors (3072K)
 Metaspace       used 31250K, committed 31680K, reserved 1114112K
  class space    used 4648K, committed 4864K, reserved 1048576K
}
Event: 4.500 GC heap before
{Heap before GC invocations=9 (full 0):
 garbage-first heap   total 93184K, used 72001K [0x0000000080000000, 0x0000000100000000)
  region size 1024K, 30 young (30720K), 3 survivors (3072K)
 Metaspace       used 35302K, committed 35776K, reserved 1114112K
  class space    used 5069K, committed 5312K, reserved 1048576K
}
Event: 4.504 GC heap after
{Heap after GC invocations=10 (full 0):
 garbage-first heap   total 93184K, used 48633K [0x0000000080000000, 0x0000000100000000)
  region size 1024K, 4 young (4096K), 4 survivors (4096K)
 Metaspace       used 35302K, committed 35776K, reserved 1114112K
  class space    used 5069K, committed 5312K, reserved 1048576K
}
Event: 4.598 GC heap before
{Heap before GC invocations=10 (full 0):
 garbage-first heap   total 93184K, used 61945K [0x0000000080000000, 0x0000000100000000)
  region size 1024K, 18 young (18432K), 4 survivors (4096K)
 Metaspace       used 35791K, committed 36224K, reserved 1114112K
  class space    used 5118K, committed 5312K, reserved 1048576K
}
Event: 4.601 GC heap after
{Heap after GC invocations=11 (full 0):
 garbage-first heap   total 112640K, used 51311K [0x0000000080000000, 0x0000000100000000)
  region size 1024K, 3 young (3072K), 3 survivors (3072K)
 Metaspace       used 35791K, committed 36224K, reserved 1114112K
  class space    used 5118K, committed 5312K, reserved 1048576K
}
Event: 4.602 GC heap before
{Heap before GC invocations=11 (full 0):
 garbage-first heap   total 112640K, used 52335K [0x0000000080000000, 0x0000000100000000)
  region size 1024K, 3 young (3072K), 3 survivors (3072K)
 Metaspace       used 35791K, committed 36224K, reserved 1114112K
  class space    used 5118K, committed 5312K, reserved 1048576K
}
Event: 4.604 GC heap after
{Heap after GC invocations=12 (full 0):
 garbage-first heap   total 112640K, used 51634K [0x0000000080000000, 0x0000000100000000)
  region size 1024K, 2 young (2048K), 2 survivors (2048K)
 Metaspace       used 35791K, committed 36224K, reserved 1114112K
  class space    used 5118K, committed 5312K, reserved 1048576K
}
Event: 4.605 GC heap before
{Heap before GC invocations=12 (full 0):
 garbage-first heap   total 112640K, used 53682K [0x0000000080000000, 0x0000000100000000)
  region size 1024K, 3 young (3072K), 2 survivors (2048K)
 Metaspace       used 35791K, committed 36224K, reserved 1114112K
  class space    used 5118K, committed 5312K, reserved 1048576K
}
Event: 4.607 GC heap after
{Heap after GC invocations=13 (full 0):
 garbage-first heap   total 112640K, used 52689K [0x0000000080000000, 0x0000000100000000)
  region size 1024K, 2 young (2048K), 2 survivors (2048K)
 Metaspace       used 35791K, committed 36224K, reserved 1114112K
  class space    used 5118K, committed 5312K, reserved 1048576K
}
Event: 5.172 GC heap before
{Heap before GC invocations=14 (full 0):
 garbage-first heap   total 112640K, used 92625K [0x0000000080000000, 0x0000000100000000)
  region size 1024K, 39 young (39936K), 2 survivors (2048K)
 Metaspace       used 40511K, committed 41088K, reserved 1114112K
  class space    used 5749K, committed 6016K, reserved 1048576K
}
Event: 5.174 GC heap after
{Heap after GC invocations=15 (full 0):
 garbage-first heap   total 112640K, used 52504K [0x0000000080000000, 0x0000000100000000)
  region size 1024K, 4 young (4096K), 4 survivors (4096K)
 Metaspace       used 40511K, committed 41088K, reserved 1114112K
  class space    used 5749K, committed 6016K, reserved 1048576K
}
Event: 5.431 GC heap before
{Heap before GC invocations=15 (full 0):
 garbage-first heap   total 112640K, used 65816K [0x0000000080000000, 0x0000000100000000)
  region size 1024K, 18 young (18432K), 4 survivors (4096K)
 Metaspace       used 41657K, committed 42176K, reserved 1114112K
  class space    used 5951K, committed 6208K, reserved 1048576K
}
Event: 5.434 GC heap after
{Heap after GC invocations=16 (full 0):
 garbage-first heap   total 112640K, used 54233K [0x0000000080000000, 0x0000000100000000)
  region size 1024K, 4 young (4096K), 4 survivors (4096K)
 Metaspace       used 41657K, committed 42176K, reserved 1114112K
  class space    used 5951K, committed 6208K, reserved 1048576K
}
Event: 5.600 GC heap before
{Heap before GC invocations=17 (full 0):
 garbage-first heap   total 112640K, used 68569K [0x0000000080000000, 0x0000000100000000)
  region size 1024K, 17 young (17408K), 4 survivors (4096K)
 Metaspace       used 41951K, committed 42496K, reserved 1114112K
  class space    used 5970K, committed 6208K, reserved 1048576K
}
Event: 5.603 GC heap after
{Heap after GC invocations=18 (full 0):
 garbage-first heap   total 253952K, used 58394K [0x0000000080000000, 0x0000000100000000)
  region size 1024K, 4 young (4096K), 4 survivors (4096K)
 Metaspace       used 41951K, committed 42496K, reserved 1114112K
  class space    used 5970K, committed 6208K, reserved 1048576K
}

Dll operation events (15 events):
Event: 0.009 Loaded shared library C:\Program Files\Eclipse Adoptium\jdk-17.0.17.10-hotspot\bin\java.dll
Event: 0.027 Loaded shared library C:\Program Files\Eclipse Adoptium\jdk-17.0.17.10-hotspot\bin\jsvml.dll
Event: 0.067 Loaded shared library C:\Program Files\Eclipse Adoptium\jdk-17.0.17.10-hotspot\bin\zip.dll
Event: 0.070 Loaded shared library C:\Program Files\Eclipse Adoptium\jdk-17.0.17.10-hotspot\bin\instrument.dll
Event: 0.075 Loaded shared library C:\Program Files\Eclipse Adoptium\jdk-17.0.17.10-hotspot\bin\net.dll
Event: 0.078 Loaded shared library C:\Program Files\Eclipse Adoptium\jdk-17.0.17.10-hotspot\bin\nio.dll
Event: 0.080 Loaded shared library C:\Program Files\Eclipse Adoptium\jdk-17.0.17.10-hotspot\bin\zip.dll
Event: 0.261 Loaded shared library C:\Program Files\Eclipse Adoptium\jdk-17.0.17.10-hotspot\bin\jimage.dll
Event: 0.367 Loaded shared library C:\Program Files\Eclipse Adoptium\jdk-17.0.17.10-hotspot\bin\verify.dll
Event: 0.499 Loaded shared library C:\Users\User\.gradle\native\c067742578af261105cb4f569cf0c3c89f3d7b1fecec35dd04571415982c5e48\windows-amd64\native-platform.dll
Event: 0.514 Loaded shared library C:\Users\User\.gradle\native\100fb08df4bc3b14c8652ba06237920a3bd2aa13389f12d3474272988ae205f9\windows-amd64\native-platform-file-events.dll
Event: 1.276 Loaded shared library C:\Program Files\Eclipse Adoptium\jdk-17.0.17.10-hotspot\bin\management.dll
Event: 1.280 Loaded shared library C:\Program Files\Eclipse Adoptium\jdk-17.0.17.10-hotspot\bin\management_ext.dll
Event: 1.460 Loaded shared library C:\Program Files\Eclipse Adoptium\jdk-17.0.17.10-hotspot\bin\extnet.dll
Event: 1.642 Loaded shared library C:\Program Files\Eclipse Adoptium\jdk-17.0.17.10-hotspot\bin\sunmscapi.dll

Deoptimization events (20 events):
Event: 5.884 Thread 0x0000025a8a4e0ed0 Uncommon trap: trap_request=0xffffffbe fr.pc=0x0000025a33a2a498 relative=0x0000000000000958
Event: 5.884 Thread 0x0000025a8a4e0ed0 Uncommon trap: reason=profile_predicate action=maybe_recompile pc=0x0000025a33a2a498 method=java.util.regex.Pattern$BnM.optimize(Ljava/util/regex/Pattern$Node;)Ljava/util/regex/Pattern$Node; @ 67 c2
Event: 5.884 Thread 0x0000025a8a4e0ed0 DEOPT PACKING pc=0x0000025a33a2a498 sp=0x0000007f323f7dd0
Event: 5.884 Thread 0x0000025a8a4e0ed0 DEOPT UNPACKING pc=0x0000025a332369a3 sp=0x0000007f323f7d20 mode 2
Event: 5.884 Thread 0x0000025a8a4e0ed0 DEOPT PACKING pc=0x0000025a2c11e15e sp=0x0000007f323f7d10
Event: 5.885 Thread 0x0000025a8a4e0ed0 DEOPT UNPACKING pc=0x0000025a33237143 sp=0x0000007f323f71d8 mode 0
Event: 5.885 Thread 0x0000025a8a4e0ed0 Uncommon trap: trap_request=0xffffffbe fr.pc=0x0000025a33a2a498 relative=0x0000000000000958
Event: 5.885 Thread 0x0000025a8a4e0ed0 Uncommon trap: reason=profile_predicate action=maybe_recompile pc=0x0000025a33a2a498 method=java.util.regex.Pattern$BnM.optimize(Ljava/util/regex/Pattern$Node;)Ljava/util/regex/Pattern$Node; @ 67 c2
Event: 5.885 Thread 0x0000025a8a4e0ed0 DEOPT PACKING pc=0x0000025a33a2a498 sp=0x0000007f323f7dd0
Event: 5.885 Thread 0x0000025a8a4e0ed0 DEOPT UNPACKING pc=0x0000025a332369a3 sp=0x0000007f323f7d20 mode 2
Event: 5.886 Thread 0x0000025a8a4e0ed0 Uncommon trap: trap_request=0xffffffbe fr.pc=0x0000025a33a2a498 relative=0x0000000000000958
Event: 5.886 Thread 0x0000025a8a4e0ed0 Uncommon trap: reason=profile_predicate action=maybe_recompile pc=0x0000025a33a2a498 method=java.util.regex.Pattern$BnM.optimize(Ljava/util/regex/Pattern$Node;)Ljava/util/regex/Pattern$Node; @ 67 c2
Event: 5.886 Thread 0x0000025a8a4e0ed0 DEOPT PACKING pc=0x0000025a33a2a498 sp=0x0000007f323f7dd0
Event: 5.886 Thread 0x0000025a8a4e0ed0 DEOPT UNPACKING pc=0x0000025a332369a3 sp=0x0000007f323f7d20 mode 2
Event: 5.890 Thread 0x0000025a8a4e0ed0 DEOPT PACKING pc=0x0000025a2c11e15e sp=0x0000007f323f7d10
Event: 5.890 Thread 0x0000025a8a4e0ed0 DEOPT UNPACKING pc=0x0000025a33237143 sp=0x0000007f323f71d8 mode 0
Event: 5.901 Thread 0x0000025a8a4e0ed0 DEOPT PACKING pc=0x0000025a2bef39b4 sp=0x0000007f323f8170
Event: 5.901 Thread 0x0000025a8a4e0ed0 DEOPT UNPACKING pc=0x0000025a33237143 sp=0x0000007f323f75f0 mode 0
Event: 5.916 Thread 0x0000025a8a4e0ed0 DEOPT PACKING pc=0x0000025a2c11e15e sp=0x0000007f323f7fb0
Event: 5.916 Thread 0x0000025a8a4e0ed0 DEOPT UNPACKING pc=0x0000025a33237143 sp=0x0000007f323f7478 mode 0

Classes loaded (20 events):
Event: 5.650 Loading class java/lang/ClassCustomizer
Event: 5.650 Loading class java/lang/ClassCustomizer done
Event: 5.651 Loading class sun/reflect/generics/tree/BooleanSignature
Event: 5.651 Loading class sun/reflect/generics/tree/BooleanSignature done
Event: 5.651 Loading class sun/reflect/generics/reflectiveObjects/GenericArrayTypeImpl
Event: 5.651 Loading class sun/reflect/generics/reflectiveObjects/GenericArrayTypeImpl done
Event: 5.653 Loading class jdk/internal/vm/annotation/ForceInline
Event: 5.653 Loading class jdk/internal/vm/annotation/ForceInline done
Event: 5.817 Loading class java/util/BitSet$1BitSetSpliterator
Event: 5.818 Loading class java/util/BitSet$1BitSetSpliterator done
Event: 5.833 Loading class java/util/Collections$SynchronizedRandomAccessList
Event: 5.833 Loading class java/util/Collections$SynchronizedList
Event: 5.833 Loading class java/util/Collections$SynchronizedList done
Event: 5.833 Loading class java/util/Collections$SynchronizedRandomAccessList done
Event: 5.854 Loading class java/lang/invoke/BoundMethodHandle$Species_LLLLLLLLLLLLLLLLLLLLLLLL
Event: 5.854 Loading class java/lang/invoke/BoundMethodHandle$Species_LLLLLLLLLLLLLLLLLLLLLLLL done
Event: 5.855 Loading class java/lang/invoke/BoundMethodHandle$Species_LLLLLLLLLLLLLLLLLLLLLLLLL
Event: 5.855 Loading class java/lang/invoke/BoundMethodHandle$Species_LLLLLLLLLLLLLLLLLLLLLLLLL done
Event: 5.857 Loading class java/lang/invoke/BoundMethodHandle$Species_LLLLLLLLLLLLLLLLLLLLLLLLLL
Event: 5.857 Loading class java/lang/invoke/BoundMethodHandle$Species_LLLLLLLLLLLLLLLLLLLLLLLLLL done

Classes unloaded (0 events):
No events

Classes redefined (0 events):
No events

Internal exceptions (20 events):
Event: 5.665 Thread 0x0000025a8a4e0ed0 Exception <a 'java/lang/ClassNotFoundException'{0x000000008ed7b078}: org/gradle/internal/service/ScopedServiceRegistryBeanInfo> (0x000000008ed7b078) 
thrown [s\src\hotspot\share\classfile\systemDictionary.cpp, line 256]
Event: 5.665 Thread 0x0000025a8a4e0ed0 Exception <a 'java/lang/ClassNotFoundException'{0x000000008ed910f0}: org/gradle/internal/service/DefaultServiceRegistryBeanInfo> (0x000000008ed910f0) 
thrown [s\src\hotspot\share\classfile\systemDictionary.cpp, line 256]
Event: 5.666 Thread 0x0000025a8a4e0ed0 Exception <a 'java/lang/ClassNotFoundException'{0x000000008eda6f38}: org/gradle/internal/service/DefaultServiceRegistryCustomizer> (0x000000008eda6f38) 
thrown [s\src\hotspot\share\classfile\systemDictionary.cpp, line 256]
Event: 5.667 Thread 0x0000025a8a4e0ed0 Exception <a 'java/lang/ClassNotFoundException'{0x000000008edcb640}: org/gradle/internal/service/ScopedServiceRegistryCustomizer> (0x000000008edcb640) 
thrown [s\src\hotspot\share\classfile\systemDictionary.cpp, line 256]
Event: 5.671 Thread 0x0000025a8a4e0ed0 Exception <a 'java/lang/ClassNotFoundException'{0x000000008ec18160}: org/gradle/internal/extensibility/DefaultConventionBeanInfo> (0x000000008ec18160) 
thrown [s\src\hotspot\share\classfile\systemDictionary.cpp, line 256]
Event: 5.671 Thread 0x0000025a8a4e0ed0 Exception <a 'java/lang/ClassNotFoundException'{0x000000008ec2e168}: org/gradle/internal/extensibility/DefaultConventionCustomizer> (0x000000008ec2e168) 
thrown [s\src\hotspot\share\classfile\systemDictionary.cpp, line 256]
Event: 5.681 Thread 0x0000025a8a4e0ed0 Exception <a 'java/lang/ClassNotFoundException'{0x000000008ecc8ae8}: com/intellij/gradle/toolingExtension/impl/modelBuilder/ExtraModelBuilderBeanInfo> (0x000000008ecc8ae8) 
thrown [s\src\hotspot\share\classfile\systemDictionary.cpp, line 256]
Event: 5.681 Thread 0x0000025a8a4e0ed0 Exception <a 'java/lang/ClassNotFoundException'{0x000000008ecd47e0}: com/intellij/gradle/toolingExtension/impl/modelBuilder/ExtraModelBuilderCustomizer> (0x000000008ecd47e0) 
thrown [s\src\hotspot\share\classfile\systemDictionary.cpp, line 256]
Event: 5.824 Thread 0x0000025a8a4e0ed0 Exception <a 'sun/nio/fs/WindowsException'{0x000000008e031540}> (0x000000008e031540) 
thrown [s\src\hotspot\share\prims\jni.cpp, line 516]
Event: 5.824 Thread 0x0000025a8a4e0ed0 Exception <a 'sun/nio/fs/WindowsException'{0x000000008e032cd0}> (0x000000008e032cd0) 
thrown [s\src\hotspot\share\prims\jni.cpp, line 516]
Event: 5.824 Thread 0x0000025a8a4e0ed0 Exception <a 'sun/nio/fs/WindowsException'{0x000000008e034428}> (0x000000008e034428) 
thrown [s\src\hotspot\share\prims\jni.cpp, line 516]
Event: 5.824 Thread 0x0000025a8a4e0ed0 Exception <a 'sun/nio/fs/WindowsException'{0x000000008e0357b0}> (0x000000008e0357b0) 
thrown [s\src\hotspot\share\prims\jni.cpp, line 516]
Event: 5.826 Thread 0x0000025a8a4e0ed0 Exception <a 'java/lang/NoSuchMethodError'{0x000000008e047a48}: 'java.lang.Object java.lang.invoke.Invokers$Holder.invoker(java.lang.Object, java.lang.Object, java.lang.Object, java.lang.Object, java.lang.Object, java.lang.Object)'> (0x000000008e047a48) 
thrown [s\src\hotspot\share\interpreter\linkResolver.cpp, line 759]
Event: 5.831 Thread 0x0000025a8a4e0ed0 Exception <a 'java/lang/NoSuchMethodError'{0x000000008e0a9128}: 'java.lang.Object java.lang.invoke.Invokers$Holder.invoker(java.lang.Object, java.lang.Object, java.lang.Object, java.lang.Object)'> (0x000000008e0a9128) 
thrown [s\src\hotspot\share\interpreter\linkResolver.cpp, line 759]
Event: 5.846 Thread 0x0000025a8a4e0ed0 Exception <a 'java/lang/NoSuchMethodError'{0x000000008df65f98}: 'java.lang.Object java.lang.invoke.DelegatingMethodHandle$Holder.reinvoke_L(java.lang.Object, java.lang.Object, java.lang.Object, java.lang.Object, java.lang.Object, java.lang.Object, java.lang.Object, java.lang.Object, java.lang.Object, java.lang.Object, java.lang.Object, java.lang.Object, java.lang.Object, java.lang.Object, java.lang.Object, java.lang.Object, java.lang.Object, java.lang.Object, java.lang.Object, java.lang.Object, java.lang.O
Event: 5.847 Thread 0x0000025a8a4e0ed0 Exception <a 'java/lang/NoSuchMethodError'{0x000000008df72548}: 'java.lang.Object java.lang.invoke.Invokers$Holder.invoker(java.lang.Object, java.lang.Object, java.lang.Object, java.lang.Object, java.lang.Object, java.lang.Object, java.lang.Object, java.lang.Object, java.lang.Object, java.lang.Object, java.lang.Object, java.lang.Object, java.lang.Object, java.lang.Object, java.lang.Object, java.lang.Object, java.lang.Object, java.lang.Object, java.lang.Object, java.lang.Object, java.lang.Object, java.lang.
Event: 5.847 Thread 0x0000025a8a4e0ed0 Exception <a 'java/lang/NoSuchMethodError'{0x000000008df79410}: 'java.lang.Object java.lang.invoke.DelegatingMethodHandle$Holder.delegate(java.lang.Object, java.lang.Object, java.lang.Object, java.lang.Object, java.lang.Object, java.lang.Object, java.lang.Object, java.lang.Object, java.lang.Object, java.lang.Object, java.lang.Object, java.lang.Object, java.lang.Object, java.lang.Object, java.lang.Object, java.lang.Object, java.lang.Object, java.lang.Object, java.lang.Object, java.lang.Object, java.lang.Obj
Event: 5.854 Thread 0x0000025a8a4e0ed0 Exception <a 'java/lang/NoSuchMethodError'{0x000000008de496d0}: 'java.lang.Object java.lang.invoke.DirectMethodHandle$Holder.invokeStatic(java.lang.Object, java.lang.Object, java.lang.Object, java.lang.Object, java.lang.Object, java.lang.Object, java.lang.Object, java.lang.Object, java.lang.Object, java.lang.Object, java.lang.Object, java.lang.Object, java.lang.Object, java.lang.Object, java.lang.Object, java.lang.Object, java.lang.Object, java.lang.Object, java.lang.Object, java.lang.Object, java.lang.Obj
Event: 5.856 Thread 0x0000025a8a4e0ed0 Exception <a 'java/lang/NoSuchMethodError'{0x000000008de7dcd0}: 'java.lang.Object java.lang.invoke.DirectMethodHandle$Holder.invokeStatic(java.lang.Object, java.lang.Object, java.lang.Object, java.lang.Object, java.lang.Object, java.lang.Object, java.lang.Object, java.lang.Object, java.lang.Object, java.lang.Object, java.lang.Object, java.lang.Object, java.lang.Object, java.lang.Object, java.lang.Object, java.lang.Object, java.lang.Object, java.lang.Object, java.lang.Object, java.lang.Object, java.lang.Obj
Event: 5.857 Thread 0x0000025a8a4e0ed0 Exception <a 'java/lang/NoSuchMethodError'{0x000000008deb3ea0}: 'java.lang.Object java.lang.invoke.DirectMethodHandle$Holder.invokeStatic(java.lang.Object, java.lang.Object, java.lang.Object, java.lang.Object, java.lang.Object, java.lang.Object, java.lang.Object, java.lang.Object, java.lang.Object, java.lang.Object, java.lang.Object, java.lang.Object, java.lang.Object, java.lang.Object, java.lang.Object, java.lang.Object, java.lang.Object, java.lang.Object, java.lang.Object, java.lang.Object, java.lang.Obj

VM Operations (20 events):
Event: 4.866 Executing VM operation: HandshakeAllThreads
Event: 4.866 Executing VM operation: HandshakeAllThreads done
Event: 4.969 Executing VM operation: HandshakeAllThreads
Event: 4.969 Executing VM operation: HandshakeAllThreads done
Event: 4.992 Executing VM operation: HandshakeAllThreads
Event: 4.992 Executing VM operation: HandshakeAllThreads done
Event: 5.007 Executing VM operation: HandshakeAllThreads
Event: 5.007 Executing VM operation: HandshakeAllThreads done
Event: 5.171 Executing VM operation: G1CollectForAllocation
Event: 5.174 Executing VM operation: G1CollectForAllocation done
Event: 5.431 Executing VM operation: G1TryInitiateConcMark
Event: 5.434 Executing VM operation: G1TryInitiateConcMark done
Event: 5.449 Executing VM operation: G1PauseRemark
Event: 5.451 Executing VM operation: G1PauseRemark done
Event: 5.457 Executing VM operation: G1PauseCleanup
Event: 5.457 Executing VM operation: G1PauseCleanup done
Event: 5.600 Executing VM operation: G1TryInitiateConcMark
Event: 5.604 Executing VM operation: G1TryInitiateConcMark done
Event: 5.662 Executing VM operation: HandshakeAllThreads
Event: 5.662 Executing VM operation: HandshakeAllThreads done

Memory protections (0 events):
No events

Nmethod flushes (20 events):
Event: 5.011 Thread 0x0000025a4300bce0 flushing  nmethod 0x0000025a2c45eb10
Event: 5.011 Thread 0x0000025a4300bce0 flushing  nmethod 0x0000025a2c462a10
Event: 5.011 Thread 0x0000025a4300bce0 flushing  nmethod 0x0000025a2c463110
Event: 5.011 Thread 0x0000025a4300bce0 flushing  nmethod 0x0000025a2c463690
Event: 5.011 Thread 0x0000025a4300bce0 flushing  nmethod 0x0000025a2c464390
Event: 5.011 Thread 0x0000025a4300bce0 flushing  nmethod 0x0000025a2c464b90
Event: 5.011 Thread 0x0000025a4300bce0 flushing  nmethod 0x0000025a2c466810
Event: 5.011 Thread 0x0000025a4300bce0 flushing  nmethod 0x0000025a2c47af90
Event: 5.011 Thread 0x0000025a4300bce0 flushing  nmethod 0x0000025a2c486210
Event: 5.011 Thread 0x0000025a4300bce0 flushing  nmethod 0x0000025a2c487610
Event: 5.011 Thread 0x0000025a4300bce0 flushing  nmethod 0x0000025a2c48ad10
Event: 5.011 Thread 0x0000025a4300bce0 flushing  nmethod 0x0000025a2c48b890
Event: 5.011 Thread 0x0000025a4300bce0 flushing  nmethod 0x0000025a2c48c090
Event: 5.011 Thread 0x0000025a4300bce0 flushing  nmethod 0x0000025a2c48cb10
Event: 5.011 Thread 0x0000025a4300bce0 flushing  nmethod 0x0000025a2c48e010
Event: 5.011 Thread 0x0000025a4300bce0 flushing  nmethod 0x0000025a2c499f10
Event: 5.011 Thread 0x0000025a4300bce0 flushing  nmethod 0x0000025a2c49b610
Event: 5.011 Thread 0x0000025a4300bce0 flushing  nmethod 0x0000025a2c4b0890
Event: 5.012 Thread 0x0000025a4300bce0 flushing  nmethod 0x0000025a2c4eac90
Event: 5.012 Thread 0x0000025a4300bce0 flushing  nmethod 0x0000025a2c4fe110

Events (20 events):
Event: 5.331 Thread 0x0000025a8a4e0ed0 Thread added: 0x0000025a8aa1a540
Event: 5.507 Thread 0x0000025a8a4e0ed0 Thread added: 0x0000025a8aa1aa50
Event: 5.507 Thread 0x0000025a8a4e0ed0 Thread added: 0x0000025a8aa1af60
Event: 5.508 Thread 0x0000025a8a4e0ed0 Thread added: 0x0000025a897e5150
Event: 5.509 Thread 0x0000025a8a4e0ed0 Thread added: 0x0000025a897eac70
Event: 5.509 Thread 0x0000025a8a4e0ed0 Thread added: 0x0000025a897eb690
Event: 5.510 Thread 0x0000025a8a4e0ed0 Thread added: 0x0000025a897eb180
Event: 5.510 Thread 0x0000025a8a4e0ed0 Thread added: 0x0000025a897ebba0
Event: 5.511 Thread 0x0000025a8a4e0ed0 Thread added: 0x0000025a897e4730
Event: 5.525 Thread 0x0000025a8a4e0ed0 Thread added: 0x0000025a897ea250
Event: 5.526 Thread 0x0000025a8a4e0ed0 Thread added: 0x0000025a897e8900
Event: 5.526 Thread 0x0000025a8a4e0ed0 Thread added: 0x0000025a897e9320
Event: 5.527 Thread 0x0000025a8a4e0ed0 Thread added: 0x0000025a897e6590
Event: 5.527 Thread 0x0000025a8a4e0ed0 Thread added: 0x0000025a897e5b70
Event: 5.528 Thread 0x0000025a8a4e0ed0 Thread added: 0x0000025a897e83f0
Event: 5.528 Thread 0x0000025a8a4e0ed0 Thread added: 0x0000025a897e4c40
Event: 5.529 Thread 0x0000025a8a4e0ed0 Thread added: 0x0000025a897e5660
Event: 5.529 Thread 0x0000025a8a4e0ed0 Thread added: 0x0000025a897e6fb0
Event: 5.681 Thread 0x0000025a438d6fa0 Thread exited: 0x0000025a438d6fa0
Event: 5.888 Thread 0x0000025a430093c0 Thread added: 0x0000025a42fd1790


Dynamic libraries:
0x00007ff748340000 - 0x00007ff74834e000 	C:\Program Files\Eclipse Adoptium\jdk-17.0.17.10-hotspot\bin\java.exe
0x00007fffdad10000 - 0x00007fffdaf08000 	C:\Windows\SYSTEM32\ntdll.dll
0x00007fffd9f70000 - 0x00007fffda032000 	C:\Windows\System32\KERNEL32.DLL
0x00007fffd8a30000 - 0x00007fffd8d26000 	C:\Windows\System32\KERNELBASE.dll
0x00007fffd8780000 - 0x00007fffd8880000 	C:\Windows\System32\ucrtbase.dll
0x00007fffcc540000 - 0x00007fffcc558000 	C:\Program Files\Eclipse Adoptium\jdk-17.0.17.10-hotspot\bin\jli.dll
0x00007fffcc560000 - 0x00007fffcc57e000 	C:\Program Files\Eclipse Adoptium\jdk-17.0.17.10-hotspot\bin\VCRUNTIME140.dll
0x00007fffd95e0000 - 0x00007fffd9781000 	C:\Windows\System32\USER32.dll
0x00007fffd8620000 - 0x00007fffd8642000 	C:\Windows\System32\win32u.dll
0x00007fffdac30000 - 0x00007fffdac5b000 	C:\Windows\System32\GDI32.dll
0x00007fffd8500000 - 0x00007fffd8619000 	C:\Windows\System32\gdi32full.dll
0x00007fffc2de0000 - 0x00007fffc307b000 	C:\Windows\WinSxS\amd64_microsoft.windows.common-controls_6595b64144ccf1df_6.0.19041.6456_none_60b8a6cb71f64256\COMCTL32.dll
0x00007fffd8430000 - 0x00007fffd84cd000 	C:\Windows\System32\msvcp_win.dll
0x00007fffd94d0000 - 0x00007fffd956e000 	C:\Windows\System32\msvcrt.dll
0x00007fffd94a0000 - 0x00007fffd94cf000 	C:\Windows\System32\IMM32.DLL
0x00007fffcf600000 - 0x00007fffcf60c000 	C:\Program Files\Eclipse Adoptium\jdk-17.0.17.10-hotspot\bin\vcruntime140_1.dll
0x00007fff98060000 - 0x00007fff980ed000 	C:\Program Files\Eclipse Adoptium\jdk-17.0.17.10-hotspot\bin\msvcp140.dll
0x00007fff81500000 - 0x00007fff8216b000 	C:\Program Files\Eclipse Adoptium\jdk-17.0.17.10-hotspot\bin\server\jvm.dll
0x00007fffd9d90000 - 0x00007fffd9e41000 	C:\Windows\System32\ADVAPI32.dll
0x00007fffd9a10000 - 0x00007fffd9aaf000 	C:\Windows\System32\sechost.dll
0x00007fffd9e50000 - 0x00007fffd9f70000 	C:\Windows\System32\RPCRT4.dll
0x00007fffd84d0000 - 0x00007fffd84f7000 	C:\Windows\System32\bcrypt.dll
0x00007fffdac60000 - 0x00007fffdaccb000 	C:\Windows\System32\WS2_32.dll
0x00007fffccf20000 - 0x00007fffccf47000 	C:\Windows\SYSTEM32\WINMM.dll
0x00007fffd8200000 - 0x00007fffd824b000 	C:\Windows\SYSTEM32\POWRPROF.dll
0x00007fffd4e20000 - 0x00007fffd4e2a000 	C:\Windows\SYSTEM32\VERSION.dll
0x00007fffd81e0000 - 0x00007fffd81f2000 	C:\Windows\SYSTEM32\UMPDC.dll
0x00007fffd6b70000 - 0x00007fffd6b82000 	C:\Windows\SYSTEM32\kernel.appcore.dll
0x00007fffcc5b0000 - 0x00007fffcc5ba000 	C:\Program Files\Eclipse Adoptium\jdk-17.0.17.10-hotspot\bin\jimage.dll
0x00007fffd5840000 - 0x00007fffd5a41000 	C:\Windows\SYSTEM32\DBGHELP.DLL
0x00007fffbe3e0000 - 0x00007fffbe414000 	C:\Windows\SYSTEM32\dbgcore.DLL
0x00007fffd83a0000 - 0x00007fffd8422000 	C:\Windows\System32\bcryptPrimitives.dll
0x00007fffb7dc0000 - 0x00007fffb7dce000 	C:\Program Files\Eclipse Adoptium\jdk-17.0.17.10-hotspot\bin\instrument.dll
0x00007fff9c7c0000 - 0x00007fff9c7e5000 	C:\Program Files\Eclipse Adoptium\jdk-17.0.17.10-hotspot\bin\java.dll
0x00007fff93c20000 - 0x00007fff93cf7000 	C:\Program Files\Eclipse Adoptium\jdk-17.0.17.10-hotspot\bin\jsvml.dll
0x00007fffd8d30000 - 0x00007fffd94a0000 	C:\Windows\System32\SHELL32.dll
0x00007fffd63b0000 - 0x00007fffd6b55000 	C:\Windows\SYSTEM32\windows.storage.dll
0x00007fffda060000 - 0x00007fffda3b4000 	C:\Windows\System32\combase.dll
0x00007fffd7cf0000 - 0x00007fffd7d1b000 	C:\Windows\SYSTEM32\Wldp.dll
0x00007fffd98b0000 - 0x00007fffd997d000 	C:\Windows\System32\OLEAUT32.dll
0x00007fffdab80000 - 0x00007fffdac2d000 	C:\Windows\System32\SHCORE.dll
0x00007fffd9570000 - 0x00007fffd95cb000 	C:\Windows\System32\shlwapi.dll
0x00007fffd82d0000 - 0x00007fffd82f4000 	C:\Windows\SYSTEM32\profapi.dll
0x00007fffa9610000 - 0x00007fffa9628000 	C:\Program Files\Eclipse Adoptium\jdk-17.0.17.10-hotspot\bin\zip.dll
0x00007fff9d960000 - 0x00007fff9d97a000 	C:\Program Files\Eclipse Adoptium\jdk-17.0.17.10-hotspot\bin\net.dll
0x00007fffce590000 - 0x00007fffce69a000 	C:\Windows\SYSTEM32\WINHTTP.dll
0x00007fffd7a50000 - 0x00007fffd7aba000 	C:\Windows\system32\mswsock.dll
0x00007fff9ad00000 - 0x00007fff9ad16000 	C:\Program Files\Eclipse Adoptium\jdk-17.0.17.10-hotspot\bin\nio.dll
0x00007fffad650000 - 0x00007fffad660000 	C:\Program Files\Eclipse Adoptium\jdk-17.0.17.10-hotspot\bin\verify.dll
0x00007fff9cf50000 - 0x00007fff9cf77000 	C:\Users\User\.gradle\native\c067742578af261105cb4f569cf0c3c89f3d7b1fecec35dd04571415982c5e48\windows-amd64\native-platform.dll
0x00007fff90f60000 - 0x00007fff910a4000 	C:\Users\User\.gradle\native\100fb08df4bc3b14c8652ba06237920a3bd2aa13389f12d3474272988ae205f9\windows-amd64\native-platform-file-events.dll
0x00007fffac670000 - 0x00007fffac67a000 	C:\Program Files\Eclipse Adoptium\jdk-17.0.17.10-hotspot\bin\management.dll
0x00007fffaafd0000 - 0x00007fffaafdc000 	C:\Program Files\Eclipse Adoptium\jdk-17.0.17.10-hotspot\bin\management_ext.dll
0x00007fffdaa30000 - 0x00007fffdaa38000 	C:\Windows\System32\PSAPI.DLL
0x00007fffd7c50000 - 0x00007fffd7c68000 	C:\Windows\SYSTEM32\CRYPTSP.dll
0x00007fffd7340000 - 0x00007fffd7378000 	C:\Windows\system32\rsaenh.dll
0x00007fffd8250000 - 0x00007fffd827e000 	C:\Windows\SYSTEM32\USERENV.dll
0x00007fffd7c40000 - 0x00007fffd7c4c000 	C:\Windows\SYSTEM32\CRYPTBASE.dll
0x00007fffd7710000 - 0x00007fffd774b000 	C:\Windows\SYSTEM32\IPHLPAPI.DLL
0x00007fffd95d0000 - 0x00007fffd95d8000 	C:\Windows\System32\NSI.dll
0x00007fffd0f10000 - 0x00007fffd0f27000 	C:\Windows\SYSTEM32\dhcpcsvc6.DLL
0x00007fffd0930000 - 0x00007fffd094d000 	C:\Windows\SYSTEM32\dhcpcsvc.DLL
0x00007fffd7750000 - 0x00007fffd781a000 	C:\Windows\SYSTEM32\DNSAPI.dll
0x00007fffaae20000 - 0x00007fffaae29000 	C:\Program Files\Eclipse Adoptium\jdk-17.0.17.10-hotspot\bin\extnet.dll
0x00007fffaa690000 - 0x00007fffaa69e000 	C:\Program Files\Eclipse Adoptium\jdk-17.0.17.10-hotspot\bin\sunmscapi.dll
0x00007fffd8880000 - 0x00007fffd89dd000 	C:\Windows\System32\CRYPT32.dll
0x00007fffd7d60000 - 0x00007fffd7d87000 	C:\Windows\SYSTEM32\ncrypt.dll
0x00007fffd7d20000 - 0x00007fffd7d5b000 	C:\Windows\SYSTEM32\NTASN1.dll
0x00007fffa5000000 - 0x00007fffa5007000 	C:\Windows\system32\wshunix.dll

dbghelp: loaded successfully - version: 4.0.5 - missing functions: none
symbol engine: initialized successfully - sym options: 0x614 - pdb path: .;C:\Program Files\Eclipse Adoptium\jdk-17.0.17.10-hotspot\bin;C:\Windows\SYSTEM32;C:\Windows\WinSxS\amd64_microsoft.windows.common-controls_6595b64144ccf1df_6.0.19041.6456_none_60b8a6cb71f64256;C:\Program Files\Eclipse Adoptium\jdk-17.0.17.10-hotspot\bin\server;C:\Users\User\.gradle\native\c067742578af261105cb4f569cf0c3c89f3d7b1fecec35dd04571415982c5e48\windows-amd64;C:\Users\User\.gradle\native\100fb08df4bc3b14c8652ba06237920a3bd2aa13389f12d3474272988ae205f9\windows-amd64

VM Arguments:
jvm_args: --add-opens=java.base/java.lang=ALL-UNNAMED --add-opens=java.base/java.lang.invoke=ALL-UNNAMED --add-opens=java.base/java.util=ALL-UNNAMED --add-opens=java.prefs/java.util.prefs=ALL-UNNAMED --add-exports=jdk.compiler/com.sun.tools.javac.api=ALL-UNNAMED --add-exports=jdk.compiler/com.sun.tools.javac.util=ALL-UNNAMED --add-opens=java.base/java.util=ALL-UNNAMED --add-opens=java.prefs/java.util.prefs=ALL-UNNAMED --add-opens=java.base/java.nio.charset=ALL-UNNAMED --add-opens=java.base/java.net=ALL-UNNAMED --add-opens=java.base/java.util.concurrent.atomic=ALL-UNNAMED --add-opens=java.xml/javax.xml.namespace=ALL-UNNAMED -Xmx2048m -Dfile.encoding=UTF-8 -Duser.country=RU -Duser.language=ru -Duser.variant -javaagent:C:\Users\User\.gradle\wrapper\dists\gradle-8.11.1-bin\bpt9gzteqjrbo1mjrsomdt32c\gradle-8.11.1\lib\agents\gradle-instrumentation-agent-8.11.1.jar 
java_command: org.gradle.launcher.daemon.bootstrap.GradleDaemon 8.11.1
java_class_path (initial): C:\Users\User\.gradle\wrapper\dists\gradle-8.11.1-bin\bpt9gzteqjrbo1mjrsomdt32c\gradle-8.11.1\lib\gradle-daemon-main-8.11.1.jar
Launcher Type: SUN_STANDARD

[Global flags]
     intx CICompilerCount                          = 4                                         {product} {ergonomic}
     uint ConcGCThreads                            = 3                                         {product} {ergonomic}
     uint G1ConcRefinementThreads                  = 10                                        {product} {ergonomic}
   size_t G1HeapRegionSize                         = 1048576                                   {product} {ergonomic}
    uintx GCDrainStackTargetSize                   = 64                                        {product} {ergonomic}
   size_t InitialHeapSize                          = 257949696                                 {product} {ergonomic}
   size_t MarkStackSize                            = 4194304                                   {product} {ergonomic}
   size_t MaxHeapSize                              = 2147483648                                {product} {command line}
   size_t MaxNewSize                               = 1287651328                                {product} {ergonomic}
   size_t MinHeapDeltaBytes                        = 1048576                                   {product} {ergonomic}
   size_t MinHeapSize                              = 8388608                                   {product} {ergonomic}
    uintx NonNMethodCodeHeapSize                   = 5839372                                {pd product} {ergonomic}
    uintx NonProfiledCodeHeapSize                  = 122909434                              {pd product} {ergonomic}
    uintx ProfiledCodeHeapSize                     = 122909434                              {pd product} {ergonomic}
    uintx ReservedCodeCacheSize                    = 251658240                              {pd product} {ergonomic}
     bool SegmentedCodeCache                       = true                                      {product} {ergonomic}
   size_t SoftMaxHeapSize                          = 2147483648                             {manageable} {ergonomic}
     bool UseCompressedClassPointers               = true                           {product lp64_product} {ergonomic}
     bool UseCompressedOops                        = true                           {product lp64_product} {ergonomic}
     bool UseG1GC                                  = true                                      {product} {ergonomic}
     bool UseLargePagesIndividualAllocation        = false                                  {pd product} {ergonomic}

Logging:
Log output configuration:
 #0: stdout all=warning uptime,level,tags
 #1: stderr all=off uptime,level,tags

Environment Variables:
PATH=C:\Program Files\Eclipse Adoptium\jdk-17.0.17.10-hotspot\bin;C:\Program Files\Common Files\Oracle\Java\javapath;C:\Program Files (x86)\Common Files\Oracle\Java\javapath;C:\Program Files\Microsoft\jdk-11.0.16.101-hotspot\bin;C:\Windows\system32;C:\Windows;C:\Windows\System32\Wbem;C:\Windows\System32\WindowsPowerShell\v1.0\;C:\Windows\System32\OpenSSH\;D:\Îď˙ňü ńňóäĺíňęŕ\Git\cmd;C:\Program Files\dotnet\;C:\Program Files (x86)\GtkSharp\2.12\bin;D:\ÇŔĂĐÓÇĘČ\kotlin-compiler-2.2.20\kotlinc\bin;C:\Program Files\Common Files\Oracle\Java\javapath;C:\Program Files (x86)\Common Files\Oracle\Java\javapath;C:\Program Files\Microsoft\jdk-11.0.16.101-hotspot\bin;C:\Windows\system32;C:\Windows;C:\Windows\System32\Wbem;C:\Windows\System32\WindowsPowerShell\v1.0\;C:\Windows\System32\OpenSSH\;D:\Îď˙ňü ńňóäĺíňęŕ\Git\cmd;C:\Program Files\dotnet\;C:\Program Files (x86)\GtkSharp\2.12\bin;D:\ÇŔĂĐÓÇĘČ\kotlin-compiler-2.2.20\kotlinc\bin;C:\Users\User\AppData\Local\Programs\Python\Python312\Scripts\;C:\Users\User\AppData\Local\Programs\Python\Python312\;C:\Users\User\AppData\Local\Programs\Python\Launcher\;C:\Users\User\AppData\Local\Microsoft\WindowsApps;C:\Program Files\JetBrains\PyCharm 2022.2\bin;C:\Users\User\AppData\Local\JetBrains\CLion 2023.1.3\bin;D:\practise\Micstex\miktex\bin\x64\;D:\OOO\WebStorm 2024.2.1\bin;D:\rider\JetBrains Rider 2024.3.6\bin;C:\Users\User\.dotnet\tools;D:\.vscode\Microsoft VS Code\bin;D:\ÇŔĂĐÓÇĘČ\kotlin-compiler-2.2.20\kotlinc\bin;D:\Intelij\IntelliJ IDEA 2025.2.1\bin;D:\Flutter1\flutter\bin;C:\Users\User\AppData\Local\Android\sdk\emulator;C:\Users\User\AppData\Local\Android\sdk\platform-tools;
USERNAME=User
OS=Windows_NT
PROCESSOR_IDENTIFIER=AMD64 Family 23 Model 104 Stepping 1, AuthenticAMD
TMP=C:\Users\User\AppData\Local\Temp
TEMP=C:\Users\User\AppData\Local\Temp



Periodic native trim disabled


---------------  S Y S T E M  ---------------

OS:
 Windows 10 , 64 bit Build 19041 (10.0.19041.5915)
OS uptime: 16 days 2:58 hours
Hyper-V role detected

CPU: total 12 (initial active 12) (12 cores per cpu, 2 threads per core) family 23 model 104 stepping 1 microcode 0x0, cx8, cmov, fxsr, ht, mmx, 3dnowpref, sse, sse2, sse3, ssse3, sse4a, sse4.1, sse4.2, popcnt, lzcnt, tsc, tscinvbit, avx, avx2, aes, clmul, bmi1, bmi2, adx, sha, fma, vzeroupper, clflush, clflushopt, hv
Processor Information for all 12 processors :
  Max Mhz: 2100, Current Mhz: 2100, Mhz Limit: 2100

Memory: 4k page, system-wide physical 15722M (2817M free)
TotalPageFile size 30426M (AvailPageFile size 6M)
current process WorkingSet (physical memory assigned to process): 341M, peak: 341M
current process commit charge ("private bytes"): 482M, peak: 483M

vm_info: OpenJDK 64-Bit Server VM (17.0.17+10) for windows-amd64 JRE (17.0.17+10), built on Oct 21 2025 23:25:32 by "admin" with unknown MS VC++:1942

END.
